CRITICAL - 2022-04-13 01:50:07 --> Undefined variable: idAdherent
#0 C:\laragon\www\tontine\app\Views\administrateur\reinitialisation.php(92): CodeIgniter\Debug\Exceptions->errorHandler(8, 'Undefined varia...', 'C:\\laragon\\www\\...', 92, Array)
#1 C:\laragon\www\tontine\system\View\View.php(210): include('C:\\laragon\\www\\...')
#2 C:\laragon\www\tontine\system\View\View.php(213): CodeIgniter\View\View->CodeIgniter\View\{closure}()
#3 C:\laragon\www\tontine\system\Common.php(1089): CodeIgniter\View\View->render('administrateur/...', Array, true)
#4 C:\laragon\www\tontine\app\Controllers\Admin.php(88): view('administrateur/...')
#5 C:\laragon\www\tontine\system\CodeIgniter.php(832): App\Controllers\Admin->reinitialiser('1')
#6 C:\laragon\www\tontine\system\CodeIgniter.php(419): CodeIgniter\CodeIgniter->runController(Object(App\Controllers\Admin))
#7 C:\laragon\www\tontine\system\CodeIgniter.php(326): CodeIgniter\CodeIgniter->handleRequest(NULL, Object(Config\Cache), false)
#8 C:\laragon\www\tontine\public\index.php(37): CodeIgniter\CodeIgniter->run()
#9 {main}
CRITICAL - 2022-04-13 01:50:07 --> Trying to access array offset on value of type null
#0 C:\laragon\www\tontine\app\Views\administrateur\reinitialisation.php(59): CodeIgniter\Debug\Exceptions->errorHandler(8, 'Trying to acces...', 'C:\\laragon\\www\\...', 59, Array)
#1 C:\laragon\www\tontine\system\View\View.php(210): include('C:\\laragon\\www\\...')
#2 C:\laragon\www\tontine\system\View\View.php(213): CodeIgniter\View\View->CodeIgniter\View\{closure}()
#3 C:\laragon\www\tontine\system\Common.php(1089): CodeIgniter\View\View->render('administrateur/...', Array, true)
#4 C:\laragon\www\tontine\app\Controllers\Admin.php(88): view('administrateur/...')
#5 C:\laragon\www\tontine\system\CodeIgniter.php(832): App\Controllers\Admin->reinitialiser('starter-templat...')
#6 C:\laragon\www\tontine\system\CodeIgniter.php(419): CodeIgniter\CodeIgniter->runController(Object(App\Controllers\Admin))
#7 C:\laragon\www\tontine\system\CodeIgniter.php(326): CodeIgniter\CodeIgniter->handleRequest(NULL, Object(Config\Cache), false)
#8 C:\laragon\www\tontine\public\index.php(37): CodeIgniter\CodeIgniter->run()
#9 {main}
CRITICAL - 2022-04-13 01:50:51 --> Undefined variable: idAdherent
#0 C:\laragon\www\tontine\app\Views\administrateur\reinitialisation.php(92): CodeIgniter\Debug\Exceptions->errorHandler(8, 'Undefined varia...', 'C:\\laragon\\www\\...', 92, Array)
#1 C:\laragon\www\tontine\system\View\View.php(210): include('C:\\laragon\\www\\...')
#2 C:\laragon\www\tontine\system\View\View.php(213): CodeIgniter\View\View->CodeIgniter\View\{closure}()
#3 C:\laragon\www\tontine\system\Common.php(1089): CodeIgniter\View\View->render('administrateur/...', Array, true)
#4 C:\laragon\www\tontine\app\Controllers\Admin.php(88): view('administrateur/...')
#5 C:\laragon\www\tontine\system\CodeIgniter.php(832): App\Controllers\Admin->reinitialiser('1')
#6 C:\laragon\www\tontine\system\CodeIgniter.php(419): CodeIgniter\CodeIgniter->runController(Object(App\Controllers\Admin))
#7 C:\laragon\www\tontine\system\CodeIgniter.php(326): CodeIgniter\CodeIgniter->handleRequest(NULL, Object(Config\Cache), false)
#8 C:\laragon\www\tontine\public\index.php(37): CodeIgniter\CodeIgniter->run()
#9 {main}
CRITICAL - 2022-04-13 01:50:51 --> Trying to access array offset on value of type null
#0 C:\laragon\www\tontine\app\Views\administrateur\reinitialisation.php(59): CodeIgniter\Debug\Exceptions->errorHandler(8, 'Trying to acces...', 'C:\\laragon\\www\\...', 59, Array)
#1 C:\laragon\www\tontine\system\View\View.php(210): include('C:\\laragon\\www\\...')
#2 C:\laragon\www\tontine\system\View\View.php(213): CodeIgniter\View\View->CodeIgniter\View\{closure}()
#3 C:\laragon\www\tontine\system\Common.php(1089): CodeIgniter\View\View->render('administrateur/...', Array, true)
#4 C:\laragon\www\tontine\app\Controllers\Admin.php(88): view('administrateur/...')
#5 C:\laragon\www\tontine\system\CodeIgniter.php(832): App\Controllers\Admin->reinitialiser('starter-templat...')
#6 C:\laragon\www\tontine\system\CodeIgniter.php(419): CodeIgniter\CodeIgniter->runController(Object(App\Controllers\Admin))
#7 C:\laragon\www\tontine\system\CodeIgniter.php(326): CodeIgniter\CodeIgniter->handleRequest(NULL, Object(Config\Cache), false)
#8 C:\laragon\www\tontine\public\index.php(37): CodeIgniter\CodeIgniter->run()
#9 {main}
CRITICAL - 2022-04-13 01:53:29 --> Trying to access array offset on value of type null
#0 C:\laragon\www\tontine\app\Views\administrateur\reinitialisation.php(59): CodeIgniter\Debug\Exceptions->errorHandler(8, 'Trying to acces...', 'C:\\laragon\\www\\...', 59, Array)
#1 C:\laragon\www\tontine\system\View\View.php(210): include('C:\\laragon\\www\\...')
#2 C:\laragon\www\tontine\system\View\View.php(213): CodeIgniter\View\View->CodeIgniter\View\{closure}()
#3 C:\laragon\www\tontine\system\Common.php(1089): CodeIgniter\View\View->render('administrateur/...', Array, true)
#4 C:\laragon\www\tontine\app\Controllers\Admin.php(88): view('administrateur/...')
#5 C:\laragon\www\tontine\system\CodeIgniter.php(832): App\Controllers\Admin->reinitialiser('starter-templat...')
#6 C:\laragon\www\tontine\system\CodeIgniter.php(419): CodeIgniter\CodeIgniter->runController(Object(App\Controllers\Admin))
#7 C:\laragon\www\tontine\system\CodeIgniter.php(326): CodeIgniter\CodeIgniter->handleRequest(NULL, Object(Config\Cache), false)
#8 C:\laragon\www\tontine\public\index.php(37): CodeIgniter\CodeIgniter->run()
#9 {main}
CRITICAL - 2022-04-13 01:53:29 --> Trying to access array offset on value of type null
#0 C:\laragon\www\tontine\app\Views\administrateur\reinitialisation.php(59): CodeIgniter\Debug\Exceptions->errorHandler(8, 'Trying to acces...', 'C:\\laragon\\www\\...', 59, Array)
#1 C:\laragon\www\tontine\system\View\View.php(210): include('C:\\laragon\\www\\...')
#2 C:\laragon\www\tontine\system\View\View.php(213): CodeIgniter\View\View->CodeIgniter\View\{closure}()
#3 C:\laragon\www\tontine\system\Common.php(1089): CodeIgniter\View\View->render('administrateur/...', Array, true)
#4 C:\laragon\www\tontine\app\Controllers\Admin.php(88): view('administrateur/...')
#5 C:\laragon\www\tontine\system\CodeIgniter.php(832): App\Controllers\Admin->reinitialiser('starter-templat...')
#6 C:\laragon\www\tontine\system\CodeIgniter.php(419): CodeIgniter\CodeIgniter->runController(Object(App\Controllers\Admin))
#7 C:\laragon\www\tontine\system\CodeIgniter.php(326): CodeIgniter\CodeIgniter->handleRequest(NULL, Object(Config\Cache), false)
#8 C:\laragon\www\tontine\public\index.php(37): CodeIgniter\CodeIgniter->run()
#9 {main}
CRITICAL - 2022-04-13 01:54:46 --> Array to string conversion
#0 C:\laragon\www\tontine\app\Views\administrateur\reinitialisation.php(93): CodeIgniter\Debug\Exceptions->errorHandler(8, 'Array to string...', 'C:\\laragon\\www\\...', 93, Array)
#1 C:\laragon\www\tontine\system\View\View.php(210): include('C:\\laragon\\www\\...')
#2 C:\laragon\www\tontine\system\View\View.php(213): CodeIgniter\View\View->CodeIgniter\View\{closure}()
#3 C:\laragon\www\tontine\system\Common.php(1089): CodeIgniter\View\View->render('administrateur/...', Array, true)
#4 C:\laragon\www\tontine\app\Controllers\Admin.php(87): view('administrateur/...')
#5 C:\laragon\www\tontine\system\CodeIgniter.php(832): App\Controllers\Admin->reinitialiser('1')
#6 C:\laragon\www\tontine\system\CodeIgniter.php(419): CodeIgniter\CodeIgniter->runController(Object(App\Controllers\Admin))
#7 C:\laragon\www\tontine\system\CodeIgniter.php(326): CodeIgniter\CodeIgniter->handleRequest(NULL, Object(Config\Cache), false)
#8 C:\laragon\www\tontine\public\index.php(37): CodeIgniter\CodeIgniter->run()
#9 {main}
CRITICAL - 2022-04-13 01:54:46 --> Trying to access array offset on value of type null
#0 C:\laragon\www\tontine\app\Views\administrateur\reinitialisation.php(59): CodeIgniter\Debug\Exceptions->errorHandler(8, 'Trying to acces...', 'C:\\laragon\\www\\...', 59, Array)
#1 C:\laragon\www\tontine\system\View\View.php(210): include('C:\\laragon\\www\\...')
#2 C:\laragon\www\tontine\system\View\View.php(213): CodeIgniter\View\View->CodeIgniter\View\{closure}()
#3 C:\laragon\www\tontine\system\Common.php(1089): CodeIgniter\View\View->render('administrateur/...', Array, true)
#4 C:\laragon\www\tontine\app\Controllers\Admin.php(87): view('administrateur/...')
#5 C:\laragon\www\tontine\system\CodeIgniter.php(832): App\Controllers\Admin->reinitialiser('starter-templat...')
#6 C:\laragon\www\tontine\system\CodeIgniter.php(419): CodeIgniter\CodeIgniter->runController(Object(App\Controllers\Admin))
#7 C:\laragon\www\tontine\system\CodeIgniter.php(326): CodeIgniter\CodeIgniter->handleRequest(NULL, Object(Config\Cache), false)
#8 C:\laragon\www\tontine\public\index.php(37): CodeIgniter\CodeIgniter->run()
#9 {main}
CRITICAL - 2022-04-13 01:58:16 --> Trying to access array offset on value of type null
#0 C:\laragon\www\tontine\app\Views\administrateur\reinitialisation.php(59): CodeIgniter\Debug\Exceptions->errorHandler(8, 'Trying to acces...', 'C:\\laragon\\www\\...', 59, Array)
#1 C:\laragon\www\tontine\system\View\View.php(210): include('C:\\laragon\\www\\...')
#2 C:\laragon\www\tontine\system\View\View.php(213): CodeIgniter\View\View->CodeIgniter\View\{closure}()
#3 C:\laragon\www\tontine\system\Common.php(1089): CodeIgniter\View\View->render('administrateur/...', Array, true)
#4 C:\laragon\www\tontine\app\Controllers\Admin.php(88): view('administrateur/...')
#5 C:\laragon\www\tontine\system\CodeIgniter.php(832): App\Controllers\Admin->reinitialiser('starter-templat...')
#6 C:\laragon\www\tontine\system\CodeIgniter.php(419): CodeIgniter\CodeIgniter->runController(Object(App\Controllers\Admin))
#7 C:\laragon\www\tontine\system\CodeIgniter.php(326): CodeIgniter\CodeIgniter->handleRequest(NULL, Object(Config\Cache), false)
#8 C:\laragon\www\tontine\public\index.php(37): CodeIgniter\CodeIgniter->run()
#9 {main}
CRITICAL - 2022-04-13 01:58:16 --> Trying to access array offset on value of type null
#0 C:\laragon\www\tontine\app\Views\administrateur\reinitialisation.php(59): CodeIgniter\Debug\Exceptions->errorHandler(8, 'Trying to acces...', 'C:\\laragon\\www\\...', 59, Array)
#1 C:\laragon\www\tontine\system\View\View.php(210): include('C:\\laragon\\www\\...')
#2 C:\laragon\www\tontine\system\View\View.php(213): CodeIgniter\View\View->CodeIgniter\View\{closure}()
#3 C:\laragon\www\tontine\system\Common.php(1089): CodeIgniter\View\View->render('administrateur/...', Array, true)
#4 C:\laragon\www\tontine\app\Controllers\Admin.php(88): view('administrateur/...')
#5 C:\laragon\www\tontine\system\CodeIgniter.php(832): App\Controllers\Admin->reinitialiser('starter-templat...')
#6 C:\laragon\www\tontine\system\CodeIgniter.php(419): CodeIgniter\CodeIgniter->runController(Object(App\Controllers\Admin))
#7 C:\laragon\www\tontine\system\CodeIgniter.php(326): CodeIgniter\CodeIgniter->handleRequest(NULL, Object(Config\Cache), false)
#8 C:\laragon\www\tontine\public\index.php(37): CodeIgniter\CodeIgniter->run()
#9 {main}
CRITICAL - 2022-04-13 01:59:30 --> Trying to access array offset on value of type null
#0 C:\laragon\www\tontine\app\Views\administrateur\reinitialisation.php(59): CodeIgniter\Debug\Exceptions->errorHandler(8, 'Trying to acces...', 'C:\\laragon\\www\\...', 59, Array)
#1 C:\laragon\www\tontine\system\View\View.php(210): include('C:\\laragon\\www\\...')
#2 C:\laragon\www\tontine\system\View\View.php(213): CodeIgniter\View\View->CodeIgniter\View\{closure}()
#3 C:\laragon\www\tontine\system\Common.php(1089): CodeIgniter\View\View->render('administrateur/...', Array, true)
#4 C:\laragon\www\tontine\app\Controllers\Admin.php(88): view('administrateur/...')
#5 C:\laragon\www\tontine\system\CodeIgniter.php(832): App\Controllers\Admin->reinitialiser('starter-templat...')
#6 C:\laragon\www\tontine\system\CodeIgniter.php(419): CodeIgniter\CodeIgniter->runController(Object(App\Controllers\Admin))
#7 C:\laragon\www\tontine\system\CodeIgniter.php(326): CodeIgniter\CodeIgniter->handleRequest(NULL, Object(Config\Cache), false)
#8 C:\laragon\www\tontine\public\index.php(37): CodeIgniter\CodeIgniter->run()
#9 {main}
CRITICAL - 2022-04-13 01:59:30 --> Trying to access array offset on value of type null
#0 C:\laragon\www\tontine\app\Views\administrateur\reinitialisation.php(59): CodeIgniter\Debug\Exceptions->errorHandler(8, 'Trying to acces...', 'C:\\laragon\\www\\...', 59, Array)
#1 C:\laragon\www\tontine\system\View\View.php(210): include('C:\\laragon\\www\\...')
#2 C:\laragon\www\tontine\system\View\View.php(213): CodeIgniter\View\View->CodeIgniter\View\{closure}()
#3 C:\laragon\www\tontine\system\Common.php(1089): CodeIgniter\View\View->render('administrateur/...', Array, true)
#4 C:\laragon\www\tontine\app\Controllers\Admin.php(88): view('administrateur/...')
#5 C:\laragon\www\tontine\system\CodeIgniter.php(832): App\Controllers\Admin->reinitialiser('starter-templat...')
#6 C:\laragon\www\tontine\system\CodeIgniter.php(419): CodeIgniter\CodeIgniter->runController(Object(App\Controllers\Admin))
#7 C:\laragon\www\tontine\system\CodeIgniter.php(326): CodeIgniter\CodeIgniter->handleRequest(NULL, Object(Config\Cache), false)
#8 C:\laragon\www\tontine\public\index.php(37): CodeIgniter\CodeIgniter->run()
#9 {main}
CRITICAL - 2022-04-13 01:59:32 --> Trying to access array offset on value of type null
#0 C:\laragon\www\tontine\app\Views\administrateur\reinitialisation.php(59): CodeIgniter\Debug\Exceptions->errorHandler(8, 'Trying to acces...', 'C:\\laragon\\www\\...', 59, Array)
#1 C:\laragon\www\tontine\system\View\View.php(210): include('C:\\laragon\\www\\...')
#2 C:\laragon\www\tontine\system\View\View.php(213): CodeIgniter\View\View->CodeIgniter\View\{closure}()
#3 C:\laragon\www\tontine\system\Common.php(1089): CodeIgniter\View\View->render('administrateur/...', Array, true)
#4 C:\laragon\www\tontine\app\Controllers\Admin.php(88): view('administrateur/...')
#5 C:\laragon\www\tontine\system\CodeIgniter.php(832): App\Controllers\Admin->reinitialiser('starter-templat...')
#6 C:\laragon\www\tontine\system\CodeIgniter.php(419): CodeIgniter\CodeIgniter->runController(Object(App\Controllers\Admin))
#7 C:\laragon\www\tontine\system\CodeIgniter.php(326): CodeIgniter\CodeIgniter->handleRequest(NULL, Object(Config\Cache), false)
#8 C:\laragon\www\tontine\public\index.php(37): CodeIgniter\CodeIgniter->run()
#9 {main}
CRITICAL - 2022-04-13 01:59:32 --> Trying to access array offset on value of type null
#0 C:\laragon\www\tontine\app\Views\administrateur\reinitialisation.php(59): CodeIgniter\Debug\Exceptions->errorHandler(8, 'Trying to acces...', 'C:\\laragon\\www\\...', 59, Array)
#1 C:\laragon\www\tontine\system\View\View.php(210): include('C:\\laragon\\www\\...')
#2 C:\laragon\www\tontine\system\View\View.php(213): CodeIgniter\View\View->CodeIgniter\View\{closure}()
#3 C:\laragon\www\tontine\system\Common.php(1089): CodeIgniter\View\View->render('administrateur/...', Array, true)
#4 C:\laragon\www\tontine\app\Controllers\Admin.php(88): view('administrateur/...')
#5 C:\laragon\www\tontine\system\CodeIgniter.php(832): App\Controllers\Admin->reinitialiser('starter-templat...')
#6 C:\laragon\www\tontine\system\CodeIgniter.php(419): CodeIgniter\CodeIgniter->runController(Object(App\Controllers\Admin))
#7 C:\laragon\www\tontine\system\CodeIgniter.php(326): CodeIgniter\CodeIgniter->handleRequest(NULL, Object(Config\Cache), false)
#8 C:\laragon\www\tontine\public\index.php(37): CodeIgniter\CodeIgniter->run()
#9 {main}
CRITICAL - 2022-04-13 01:59:43 --> Too few arguments to function App\Controllers\Admin::reinitialiser(), 0 passed in C:\laragon\www\tontine\system\CodeIgniter.php on line 832 and exactly 1 expected
#0 C:\laragon\www\tontine\system\CodeIgniter.php(832): App\Controllers\Admin->reinitialiser()
#1 C:\laragon\www\tontine\system\CodeIgniter.php(419): CodeIgniter\CodeIgniter->runController(Object(App\Controllers\Admin))
#2 C:\laragon\www\tontine\system\CodeIgniter.php(326): CodeIgniter\CodeIgniter->handleRequest(NULL, Object(Config\Cache), false)
#3 C:\laragon\www\tontine\public\index.php(37): CodeIgniter\CodeIgniter->run()
#4 {main}
CRITICAL - 2022-04-13 02:00:13 --> Too few arguments to function App\Controllers\Admin::reinitialiser(), 0 passed in C:\laragon\www\tontine\system\CodeIgniter.php on line 832 and exactly 1 expected
#0 C:\laragon\www\tontine\system\CodeIgniter.php(832): App\Controllers\Admin->reinitialiser()
#1 C:\laragon\www\tontine\system\CodeIgniter.php(419): CodeIgniter\CodeIgniter->runController(Object(App\Controllers\Admin))
#2 C:\laragon\www\tontine\system\CodeIgniter.php(326): CodeIgniter\CodeIgniter->handleRequest(NULL, Object(Config\Cache), false)
#3 C:\laragon\www\tontine\public\index.php(37): CodeIgniter\CodeIgniter->run()
#4 {main}
CRITICAL - 2022-04-13 02:00:14 --> Too few arguments to function App\Controllers\Admin::reinitialiser(), 0 passed in C:\laragon\www\tontine\system\CodeIgniter.php on line 832 and exactly 1 expected
#0 C:\laragon\www\tontine\system\CodeIgniter.php(832): App\Controllers\Admin->reinitialiser()
#1 C:\laragon\www\tontine\system\CodeIgniter.php(419): CodeIgniter\CodeIgniter->runController(Object(App\Controllers\Admin))
#2 C:\laragon\www\tontine\system\CodeIgniter.php(326): CodeIgniter\CodeIgniter->handleRequest(NULL, Object(Config\Cache), false)
#3 C:\laragon\www\tontine\public\index.php(37): CodeIgniter\CodeIgniter->run()
#4 {main}
CRITICAL - 2022-04-13 02:00:15 --> Too few arguments to function App\Controllers\Admin::reinitialiser(), 0 passed in C:\laragon\www\tontine\system\CodeIgniter.php on line 832 and exactly 1 expected
#0 C:\laragon\www\tontine\system\CodeIgniter.php(832): App\Controllers\Admin->reinitialiser()
#1 C:\laragon\www\tontine\system\CodeIgniter.php(419): CodeIgniter\CodeIgniter->runController(Object(App\Controllers\Admin))
#2 C:\laragon\www\tontine\system\CodeIgniter.php(326): CodeIgniter\CodeIgniter->handleRequest(NULL, Object(Config\Cache), false)
#3 C:\laragon\www\tontine\public\index.php(37): CodeIgniter\CodeIgniter->run()
#4 {main}
CRITICAL - 2022-04-13 02:00:15 --> Too few arguments to function App\Controllers\Admin::reinitialiser(), 0 passed in C:\laragon\www\tontine\system\CodeIgniter.php on line 832 and exactly 1 expected
#0 C:\laragon\www\tontine\system\CodeIgniter.php(832): App\Controllers\Admin->reinitialiser()
#1 C:\laragon\www\tontine\system\CodeIgniter.php(419): CodeIgniter\CodeIgniter->runController(Object(App\Controllers\Admin))
#2 C:\laragon\www\tontine\system\CodeIgniter.php(326): CodeIgniter\CodeIgniter->handleRequest(NULL, Object(Config\Cache), false)
#3 C:\laragon\www\tontine\public\index.php(37): CodeIgniter\CodeIgniter->run()
#4 {main}
CRITICAL - 2022-04-13 02:00:16 --> Too few arguments to function App\Controllers\Admin::reinitialiser(), 0 passed in C:\laragon\www\tontine\system\CodeIgniter.php on line 832 and exactly 1 expected
#0 C:\laragon\www\tontine\system\CodeIgniter.php(832): App\Controllers\Admin->reinitialiser()
#1 C:\laragon\www\tontine\system\CodeIgniter.php(419): CodeIgniter\CodeIgniter->runController(Object(App\Controllers\Admin))
#2 C:\laragon\www\tontine\system\CodeIgniter.php(326): CodeIgniter\CodeIgniter->handleRequest(NULL, Object(Config\Cache), false)
#3 C:\laragon\www\tontine\public\index.php(37): CodeIgniter\CodeIgniter->run()
#4 {main}
CRITICAL - 2022-04-13 02:00:16 --> Too few arguments to function App\Controllers\Admin::reinitialiser(), 0 passed in C:\laragon\www\tontine\system\CodeIgniter.php on line 832 and exactly 1 expected
#0 C:\laragon\www\tontine\system\CodeIgniter.php(832): App\Controllers\Admin->reinitialiser()
#1 C:\laragon\www\tontine\system\CodeIgniter.php(419): CodeIgniter\CodeIgniter->runController(Object(App\Controllers\Admin))
#2 C:\laragon\www\tontine\system\CodeIgniter.php(326): CodeIgniter\CodeIgniter->handleRequest(NULL, Object(Config\Cache), false)
#3 C:\laragon\www\tontine\public\index.php(37): CodeIgniter\CodeIgniter->run()
#4 {main}
CRITICAL - 2022-04-13 02:00:17 --> Too few arguments to function App\Controllers\Admin::reinitialiser(), 0 passed in C:\laragon\www\tontine\system\CodeIgniter.php on line 832 and exactly 1 expected
#0 C:\laragon\www\tontine\system\CodeIgniter.php(832): App\Controllers\Admin->reinitialiser()
#1 C:\laragon\www\tontine\system\CodeIgniter.php(419): CodeIgniter\CodeIgniter->runController(Object(App\Controllers\Admin))
#2 C:\laragon\www\tontine\system\CodeIgniter.php(326): CodeIgniter\CodeIgniter->handleRequest(NULL, Object(Config\Cache), false)
#3 C:\laragon\www\tontine\public\index.php(37): CodeIgniter\CodeIgniter->run()
#4 {main}
CRITICAL - 2022-04-13 02:00:19 --> Trying to access array offset on value of type null
#0 C:\laragon\www\tontine\app\Views\administrateur\reinitialisation.php(59): CodeIgniter\Debug\Exceptions->errorHandler(8, 'Trying to acces...', 'C:\\laragon\\www\\...', 59, Array)
#1 C:\laragon\www\tontine\system\View\View.php(210): include('C:\\laragon\\www\\...')
#2 C:\laragon\www\tontine\system\View\View.php(213): CodeIgniter\View\View->CodeIgniter\View\{closure}()
#3 C:\laragon\www\tontine\system\Common.php(1089): CodeIgniter\View\View->render('administrateur/...', Array, true)
#4 C:\laragon\www\tontine\app\Controllers\Admin.php(88): view('administrateur/...')
#5 C:\laragon\www\tontine\system\CodeIgniter.php(832): App\Controllers\Admin->reinitialiser('starter-templat...')
#6 C:\laragon\www\tontine\system\CodeIgniter.php(419): CodeIgniter\CodeIgniter->runController(Object(App\Controllers\Admin))
#7 C:\laragon\www\tontine\system\CodeIgniter.php(326): CodeIgniter\CodeIgniter->handleRequest(NULL, Object(Config\Cache), false)
#8 C:\laragon\www\tontine\public\index.php(37): CodeIgniter\CodeIgniter->run()
#9 {main}
CRITICAL - 2022-04-13 02:00:19 --> Trying to access array offset on value of type null
#0 C:\laragon\www\tontine\app\Views\administrateur\reinitialisation.php(59): CodeIgniter\Debug\Exceptions->errorHandler(8, 'Trying to acces...', 'C:\\laragon\\www\\...', 59, Array)
#1 C:\laragon\www\tontine\system\View\View.php(210): include('C:\\laragon\\www\\...')
#2 C:\laragon\www\tontine\system\View\View.php(213): CodeIgniter\View\View->CodeIgniter\View\{closure}()
#3 C:\laragon\www\tontine\system\Common.php(1089): CodeIgniter\View\View->render('administrateur/...', Array, true)
#4 C:\laragon\www\tontine\app\Controllers\Admin.php(88): view('administrateur/...')
#5 C:\laragon\www\tontine\system\CodeIgniter.php(832): App\Controllers\Admin->reinitialiser('starter-templat...')
#6 C:\laragon\www\tontine\system\CodeIgniter.php(419): CodeIgniter\CodeIgniter->runController(Object(App\Controllers\Admin))
#7 C:\laragon\www\tontine\system\CodeIgniter.php(326): CodeIgniter\CodeIgniter->handleRequest(NULL, Object(Config\Cache), false)
#8 C:\laragon\www\tontine\public\index.php(37): CodeIgniter\CodeIgniter->run()
#9 {main}
CRITICAL - 2022-04-13 02:00:19 --> Trying to access array offset on value of type null
#0 C:\laragon\www\tontine\app\Views\administrateur\reinitialisation.php(59): CodeIgniter\Debug\Exceptions->errorHandler(8, 'Trying to acces...', 'C:\\laragon\\www\\...', 59, Array)
#1 C:\laragon\www\tontine\system\View\View.php(210): include('C:\\laragon\\www\\...')
#2 C:\laragon\www\tontine\system\View\View.php(213): CodeIgniter\View\View->CodeIgniter\View\{closure}()
#3 C:\laragon\www\tontine\system\Common.php(1089): CodeIgniter\View\View->render('administrateur/...', Array, true)
#4 C:\laragon\www\tontine\app\Controllers\Admin.php(88): view('administrateur/...')
#5 C:\laragon\www\tontine\system\CodeIgniter.php(832): App\Controllers\Admin->reinitialiser('starter-templat...')
#6 C:\laragon\www\tontine\system\CodeIgniter.php(419): CodeIgniter\CodeIgniter->runController(Object(App\Controllers\Admin))
#7 C:\laragon\www\tontine\system\CodeIgniter.php(326): CodeIgniter\CodeIgniter->handleRequest(NULL, Object(Config\Cache), false)
#8 C:\laragon\www\tontine\public\index.php(37): CodeIgniter\CodeIgniter->run()
#9 {main}
CRITICAL - 2022-04-13 02:00:20 --> Trying to access array offset on value of type null
#0 C:\laragon\www\tontine\app\Views\administrateur\reinitialisation.php(59): CodeIgniter\Debug\Exceptions->errorHandler(8, 'Trying to acces...', 'C:\\laragon\\www\\...', 59, Array)
#1 C:\laragon\www\tontine\system\View\View.php(210): include('C:\\laragon\\www\\...')
#2 C:\laragon\www\tontine\system\View\View.php(213): CodeIgniter\View\View->CodeIgniter\View\{closure}()
#3 C:\laragon\www\tontine\system\Common.php(1089): CodeIgniter\View\View->render('administrateur/...', Array, true)
#4 C:\laragon\www\tontine\app\Controllers\Admin.php(88): view('administrateur/...')
#5 C:\laragon\www\tontine\system\CodeIgniter.php(832): App\Controllers\Admin->reinitialiser('starter-templat...')
#6 C:\laragon\www\tontine\system\CodeIgniter.php(419): CodeIgniter\CodeIgniter->runController(Object(App\Controllers\Admin))
#7 C:\laragon\www\tontine\system\CodeIgniter.php(326): CodeIgniter\CodeIgniter->handleRequest(NULL, Object(Config\Cache), false)
#8 C:\laragon\www\tontine\public\index.php(37): CodeIgniter\CodeIgniter->run()
#9 {main}
CRITICAL - 2022-04-13 02:00:21 --> Trying to access array offset on value of type null
#0 C:\laragon\www\tontine\app\Views\administrateur\reinitialisation.php(59): CodeIgniter\Debug\Exceptions->errorHandler(8, 'Trying to acces...', 'C:\\laragon\\www\\...', 59, Array)
#1 C:\laragon\www\tontine\system\View\View.php(210): include('C:\\laragon\\www\\...')
#2 C:\laragon\www\tontine\system\View\View.php(213): CodeIgniter\View\View->CodeIgniter\View\{closure}()
#3 C:\laragon\www\tontine\system\Common.php(1089): CodeIgniter\View\View->render('administrateur/...', Array, true)
#4 C:\laragon\www\tontine\app\Controllers\Admin.php(88): view('administrateur/...')
#5 C:\laragon\www\tontine\system\CodeIgniter.php(832): App\Controllers\Admin->reinitialiser('starter-templat...')
#6 C:\laragon\www\tontine\system\CodeIgniter.php(419): CodeIgniter\CodeIgniter->runController(Object(App\Controllers\Admin))
#7 C:\laragon\www\tontine\system\CodeIgniter.php(326): CodeIgniter\CodeIgniter->handleRequest(NULL, Object(Config\Cache), false)
#8 C:\laragon\www\tontine\public\index.php(37): CodeIgniter\CodeIgniter->run()
#9 {main}
CRITICAL - 2022-04-13 02:00:27 --> Trying to access array offset on value of type null
#0 C:\laragon\www\tontine\app\Views\administrateur\reinitialisation.php(59): CodeIgniter\Debug\Exceptions->errorHandler(8, 'Trying to acces...', 'C:\\laragon\\www\\...', 59, Array)
#1 C:\laragon\www\tontine\system\View\View.php(210): include('C:\\laragon\\www\\...')
#2 C:\laragon\www\tontine\system\View\View.php(213): CodeIgniter\View\View->CodeIgniter\View\{closure}()
#3 C:\laragon\www\tontine\system\Common.php(1089): CodeIgniter\View\View->render('administrateur/...', Array, true)
#4 C:\laragon\www\tontine\app\Controllers\Admin.php(88): view('administrateur/...')
#5 C:\laragon\www\tontine\system\CodeIgniter.php(832): App\Controllers\Admin->reinitialiser('starter-templat...')
#6 C:\laragon\www\tontine\system\CodeIgniter.php(419): CodeIgniter\CodeIgniter->runController(Object(App\Controllers\Admin))
#7 C:\laragon\www\tontine\system\CodeIgniter.php(326): CodeIgniter\CodeIgniter->handleRequest(NULL, Object(Config\Cache), false)
#8 C:\laragon\www\tontine\public\index.php(37): CodeIgniter\CodeIgniter->run()
#9 {main}
CRITICAL - 2022-04-13 02:00:28 --> Trying to access array offset on value of type null
#0 C:\laragon\www\tontine\app\Views\administrateur\reinitialisation.php(59): CodeIgniter\Debug\Exceptions->errorHandler(8, 'Trying to acces...', 'C:\\laragon\\www\\...', 59, Array)
#1 C:\laragon\www\tontine\system\View\View.php(210): include('C:\\laragon\\www\\...')
#2 C:\laragon\www\tontine\system\View\View.php(213): CodeIgniter\View\View->CodeIgniter\View\{closure}()
#3 C:\laragon\www\tontine\system\Common.php(1089): CodeIgniter\View\View->render('administrateur/...', Array, true)
#4 C:\laragon\www\tontine\app\Controllers\Admin.php(88): view('administrateur/...')
#5 C:\laragon\www\tontine\system\CodeIgniter.php(832): App\Controllers\Admin->reinitialiser('starter-templat...')
#6 C:\laragon\www\tontine\system\CodeIgniter.php(419): CodeIgniter\CodeIgniter->runController(Object(App\Controllers\Admin))
#7 C:\laragon\www\tontine\system\CodeIgniter.php(326): CodeIgniter\CodeIgniter->handleRequest(NULL, Object(Config\Cache), false)
#8 C:\laragon\www\tontine\public\index.php(37): CodeIgniter\CodeIgniter->run()
#9 {main}
CRITICAL - 2022-04-13 02:01:12 --> Trying to access array offset on value of type null
#0 C:\laragon\www\tontine\app\Views\administrateur\reinitialisation.php(59): CodeIgniter\Debug\Exceptions->errorHandler(8, 'Trying to acces...', 'C:\\laragon\\www\\...', 59, Array)
#1 C:\laragon\www\tontine\system\View\View.php(210): include('C:\\laragon\\www\\...')
#2 C:\laragon\www\tontine\system\View\View.php(213): CodeIgniter\View\View->CodeIgniter\View\{closure}()
#3 C:\laragon\www\tontine\system\Common.php(1089): CodeIgniter\View\View->render('administrateur/...', Array, true)
#4 C:\laragon\www\tontine\app\Controllers\Admin.php(88): view('administrateur/...')
#5 C:\laragon\www\tontine\system\CodeIgniter.php(832): App\Controllers\Admin->reinitialiser('starter-templat...')
#6 C:\laragon\www\tontine\system\CodeIgniter.php(419): CodeIgniter\CodeIgniter->runController(Object(App\Controllers\Admin))
#7 C:\laragon\www\tontine\system\CodeIgniter.php(326): CodeIgniter\CodeIgniter->handleRequest(NULL, Object(Config\Cache), false)
#8 C:\laragon\www\tontine\public\index.php(37): CodeIgniter\CodeIgniter->run()
#9 {main}
CRITICAL - 2022-04-13 02:01:12 --> Trying to access array offset on value of type null
#0 C:\laragon\www\tontine\app\Views\administrateur\reinitialisation.php(59): CodeIgniter\Debug\Exceptions->errorHandler(8, 'Trying to acces...', 'C:\\laragon\\www\\...', 59, Array)
#1 C:\laragon\www\tontine\system\View\View.php(210): include('C:\\laragon\\www\\...')
#2 C:\laragon\www\tontine\system\View\View.php(213): CodeIgniter\View\View->CodeIgniter\View\{closure}()
#3 C:\laragon\www\tontine\system\Common.php(1089): CodeIgniter\View\View->render('administrateur/...', Array, true)
#4 C:\laragon\www\tontine\app\Controllers\Admin.php(88): view('administrateur/...')
#5 C:\laragon\www\tontine\system\CodeIgniter.php(832): App\Controllers\Admin->reinitialiser('starter-templat...')
#6 C:\laragon\www\tontine\system\CodeIgniter.php(419): CodeIgniter\CodeIgniter->runController(Object(App\Controllers\Admin))
#7 C:\laragon\www\tontine\system\CodeIgniter.php(326): CodeIgniter\CodeIgniter->handleRequest(NULL, Object(Config\Cache), false)
#8 C:\laragon\www\tontine\public\index.php(37): CodeIgniter\CodeIgniter->run()
#9 {main}
CRITICAL - 2022-04-13 02:01:20 --> Trying to access array offset on value of type null
#0 C:\laragon\www\tontine\app\Views\administrateur\reinitialisation.php(59): CodeIgniter\Debug\Exceptions->errorHandler(8, 'Trying to acces...', 'C:\\laragon\\www\\...', 59, Array)
#1 C:\laragon\www\tontine\system\View\View.php(210): include('C:\\laragon\\www\\...')
#2 C:\laragon\www\tontine\system\View\View.php(213): CodeIgniter\View\View->CodeIgniter\View\{closure}()
#3 C:\laragon\www\tontine\system\Common.php(1089): CodeIgniter\View\View->render('administrateur/...', Array, true)
#4 C:\laragon\www\tontine\app\Controllers\Admin.php(88): view('administrateur/...')
#5 C:\laragon\www\tontine\system\CodeIgniter.php(832): App\Controllers\Admin->reinitialiser('starter-templat...')
#6 C:\laragon\www\tontine\system\CodeIgniter.php(419): CodeIgniter\CodeIgniter->runController(Object(App\Controllers\Admin))
#7 C:\laragon\www\tontine\system\CodeIgniter.php(326): CodeIgniter\CodeIgniter->handleRequest(NULL, Object(Config\Cache), false)
#8 C:\laragon\www\tontine\public\index.php(37): CodeIgniter\CodeIgniter->run()
#9 {main}
CRITICAL - 2022-04-13 02:01:20 --> Trying to access array offset on value of type null
#0 C:\laragon\www\tontine\app\Views\administrateur\reinitialisation.php(59): CodeIgniter\Debug\Exceptions->errorHandler(8, 'Trying to acces...', 'C:\\laragon\\www\\...', 59, Array)
#1 C:\laragon\www\tontine\system\View\View.php(210): include('C:\\laragon\\www\\...')
#2 C:\laragon\www\tontine\system\View\View.php(213): CodeIgniter\View\View->CodeIgniter\View\{closure}()
#3 C:\laragon\www\tontine\system\Common.php(1089): CodeIgniter\View\View->render('administrateur/...', Array, true)
#4 C:\laragon\www\tontine\app\Controllers\Admin.php(88): view('administrateur/...')
#5 C:\laragon\www\tontine\system\CodeIgniter.php(832): App\Controllers\Admin->reinitialiser('starter-templat...')
#6 C:\laragon\www\tontine\system\CodeIgniter.php(419): CodeIgniter\CodeIgniter->runController(Object(App\Controllers\Admin))
#7 C:\laragon\www\tontine\system\CodeIgniter.php(326): CodeIgniter\CodeIgniter->handleRequest(NULL, Object(Config\Cache), false)
#8 C:\laragon\www\tontine\public\index.php(37): CodeIgniter\CodeIgniter->run()
#9 {main}
CRITICAL - 2022-04-13 02:01:29 --> Trying to access array offset on value of type null
#0 C:\laragon\www\tontine\app\Views\administrateur\reinitialisation.php(59): CodeIgniter\Debug\Exceptions->errorHandler(8, 'Trying to acces...', 'C:\\laragon\\www\\...', 59, Array)
#1 C:\laragon\www\tontine\system\View\View.php(210): include('C:\\laragon\\www\\...')
#2 C:\laragon\www\tontine\system\View\View.php(213): CodeIgniter\View\View->CodeIgniter\View\{closure}()
#3 C:\laragon\www\tontine\system\Common.php(1089): CodeIgniter\View\View->render('administrateur/...', Array, true)
#4 C:\laragon\www\tontine\app\Controllers\Admin.php(88): view('administrateur/...')
#5 C:\laragon\www\tontine\system\CodeIgniter.php(832): App\Controllers\Admin->reinitialiser('starter-templat...')
#6 C:\laragon\www\tontine\system\CodeIgniter.php(419): CodeIgniter\CodeIgniter->runController(Object(App\Controllers\Admin))
#7 C:\laragon\www\tontine\system\CodeIgniter.php(326): CodeIgniter\CodeIgniter->handleRequest(NULL, Object(Config\Cache), false)
#8 C:\laragon\www\tontine\public\index.php(37): CodeIgniter\CodeIgniter->run()
#9 {main}
CRITICAL - 2022-04-13 02:01:29 --> Trying to access array offset on value of type null
#0 C:\laragon\www\tontine\app\Views\administrateur\reinitialisation.php(59): CodeIgniter\Debug\Exceptions->errorHandler(8, 'Trying to acces...', 'C:\\laragon\\www\\...', 59, Array)
#1 C:\laragon\www\tontine\system\View\View.php(210): include('C:\\laragon\\www\\...')
#2 C:\laragon\www\tontine\system\View\View.php(213): CodeIgniter\View\View->CodeIgniter\View\{closure}()
#3 C:\laragon\www\tontine\system\Common.php(1089): CodeIgniter\View\View->render('administrateur/...', Array, true)
#4 C:\laragon\www\tontine\app\Controllers\Admin.php(88): view('administrateur/...')
#5 C:\laragon\www\tontine\system\CodeIgniter.php(832): App\Controllers\Admin->reinitialiser('starter-templat...')
#6 C:\laragon\www\tontine\system\CodeIgniter.php(419): CodeIgniter\CodeIgniter->runController(Object(App\Controllers\Admin))
#7 C:\laragon\www\tontine\system\CodeIgniter.php(326): CodeIgniter\CodeIgniter->handleRequest(NULL, Object(Config\Cache), false)
#8 C:\laragon\www\tontine\public\index.php(37): CodeIgniter\CodeIgniter->run()
#9 {main}
CRITICAL - 2022-04-13 02:02:06 --> Trying to access array offset on value of type null
#0 C:\laragon\www\tontine\app\Views\administrateur\reinitialisation.php(59): CodeIgniter\Debug\Exceptions->errorHandler(8, 'Trying to acces...', 'C:\\laragon\\www\\...', 59, Array)
#1 C:\laragon\www\tontine\system\View\View.php(210): include('C:\\laragon\\www\\...')
#2 C:\laragon\www\tontine\system\View\View.php(213): CodeIgniter\View\View->CodeIgniter\View\{closure}()
#3 C:\laragon\www\tontine\system\Common.php(1089): CodeIgniter\View\View->render('administrateur/...', Array, true)
#4 C:\laragon\www\tontine\app\Controllers\Admin.php(88): view('administrateur/...')
#5 C:\laragon\www\tontine\system\CodeIgniter.php(832): App\Controllers\Admin->reinitialiser('starter-templat...')
#6 C:\laragon\www\tontine\system\CodeIgniter.php(419): CodeIgniter\CodeIgniter->runController(Object(App\Controllers\Admin))
#7 C:\laragon\www\tontine\system\CodeIgniter.php(326): CodeIgniter\CodeIgniter->handleRequest(NULL, Object(Config\Cache), false)
#8 C:\laragon\www\tontine\public\index.php(37): CodeIgniter\CodeIgniter->run()
#9 {main}
CRITICAL - 2022-04-13 02:02:06 --> Trying to access array offset on value of type null
#0 C:\laragon\www\tontine\app\Views\administrateur\reinitialisation.php(59): CodeIgniter\Debug\Exceptions->errorHandler(8, 'Trying to acces...', 'C:\\laragon\\www\\...', 59, Array)
#1 C:\laragon\www\tontine\system\View\View.php(210): include('C:\\laragon\\www\\...')
#2 C:\laragon\www\tontine\system\View\View.php(213): CodeIgniter\View\View->CodeIgniter\View\{closure}()
#3 C:\laragon\www\tontine\system\Common.php(1089): CodeIgniter\View\View->render('administrateur/...', Array, true)
#4 C:\laragon\www\tontine\app\Controllers\Admin.php(88): view('administrateur/...')
#5 C:\laragon\www\tontine\system\CodeIgniter.php(832): App\Controllers\Admin->reinitialiser('starter-templat...')
#6 C:\laragon\www\tontine\system\CodeIgniter.php(419): CodeIgniter\CodeIgniter->runController(Object(App\Controllers\Admin))
#7 C:\laragon\www\tontine\system\CodeIgniter.php(326): CodeIgniter\CodeIgniter->handleRequest(NULL, Object(Config\Cache), false)
#8 C:\laragon\www\tontine\public\index.php(37): CodeIgniter\CodeIgniter->run()
#9 {main}
CRITICAL - 2022-04-13 02:02:14 --> Trying to access array offset on value of type null
#0 C:\laragon\www\tontine\app\Views\administrateur\reinitialisation.php(59): CodeIgniter\Debug\Exceptions->errorHandler(8, 'Trying to acces...', 'C:\\laragon\\www\\...', 59, Array)
#1 C:\laragon\www\tontine\system\View\View.php(210): include('C:\\laragon\\www\\...')
#2 C:\laragon\www\tontine\system\View\View.php(213): CodeIgniter\View\View->CodeIgniter\View\{closure}()
#3 C:\laragon\www\tontine\system\Common.php(1089): CodeIgniter\View\View->render('administrateur/...', Array, true)
#4 C:\laragon\www\tontine\app\Controllers\Admin.php(88): view('administrateur/...')
#5 C:\laragon\www\tontine\system\CodeIgniter.php(832): App\Controllers\Admin->reinitialiser('starter-templat...')
#6 C:\laragon\www\tontine\system\CodeIgniter.php(419): CodeIgniter\CodeIgniter->runController(Object(App\Controllers\Admin))
#7 C:\laragon\www\tontine\system\CodeIgniter.php(326): CodeIgniter\CodeIgniter->handleRequest(NULL, Object(Config\Cache), false)
#8 C:\laragon\www\tontine\public\index.php(37): CodeIgniter\CodeIgniter->run()
#9 {main}
CRITICAL - 2022-04-13 02:02:14 --> Trying to access array offset on value of type null
#0 C:\laragon\www\tontine\app\Views\administrateur\reinitialisation.php(59): CodeIgniter\Debug\Exceptions->errorHandler(8, 'Trying to acces...', 'C:\\laragon\\www\\...', 59, Array)
#1 C:\laragon\www\tontine\system\View\View.php(210): include('C:\\laragon\\www\\...')
#2 C:\laragon\www\tontine\system\View\View.php(213): CodeIgniter\View\View->CodeIgniter\View\{closure}()
#3 C:\laragon\www\tontine\system\Common.php(1089): CodeIgniter\View\View->render('administrateur/...', Array, true)
#4 C:\laragon\www\tontine\app\Controllers\Admin.php(88): view('administrateur/...')
#5 C:\laragon\www\tontine\system\CodeIgniter.php(832): App\Controllers\Admin->reinitialiser('starter-templat...')
#6 C:\laragon\www\tontine\system\CodeIgniter.php(419): CodeIgniter\CodeIgniter->runController(Object(App\Controllers\Admin))
#7 C:\laragon\www\tontine\system\CodeIgniter.php(326): CodeIgniter\CodeIgniter->handleRequest(NULL, Object(Config\Cache), false)
#8 C:\laragon\www\tontine\public\index.php(37): CodeIgniter\CodeIgniter->run()
#9 {main}
CRITICAL - 2022-04-13 02:02:45 --> Trying to access array offset on value of type null
#0 C:\laragon\www\tontine\app\Views\administrateur\reinitialisation.php(59): CodeIgniter\Debug\Exceptions->errorHandler(8, 'Trying to acces...', 'C:\\laragon\\www\\...', 59, Array)
#1 C:\laragon\www\tontine\system\View\View.php(210): include('C:\\laragon\\www\\...')
#2 C:\laragon\www\tontine\system\View\View.php(213): CodeIgniter\View\View->CodeIgniter\View\{closure}()
#3 C:\laragon\www\tontine\system\Common.php(1089): CodeIgniter\View\View->render('administrateur/...', Array, true)
#4 C:\laragon\www\tontine\app\Controllers\Admin.php(88): view('administrateur/...')
#5 C:\laragon\www\tontine\system\CodeIgniter.php(832): App\Controllers\Admin->reinitialiser('starter-templat...')
#6 C:\laragon\www\tontine\system\CodeIgniter.php(419): CodeIgniter\CodeIgniter->runController(Object(App\Controllers\Admin))
#7 C:\laragon\www\tontine\system\CodeIgniter.php(326): CodeIgniter\CodeIgniter->handleRequest(NULL, Object(Config\Cache), false)
#8 C:\laragon\www\tontine\public\index.php(37): CodeIgniter\CodeIgniter->run()
#9 {main}
CRITICAL - 2022-04-13 02:02:45 --> Trying to access array offset on value of type null
#0 C:\laragon\www\tontine\app\Views\administrateur\reinitialisation.php(59): CodeIgniter\Debug\Exceptions->errorHandler(8, 'Trying to acces...', 'C:\\laragon\\www\\...', 59, Array)
#1 C:\laragon\www\tontine\system\View\View.php(210): include('C:\\laragon\\www\\...')
#2 C:\laragon\www\tontine\system\View\View.php(213): CodeIgniter\View\View->CodeIgniter\View\{closure}()
#3 C:\laragon\www\tontine\system\Common.php(1089): CodeIgniter\View\View->render('administrateur/...', Array, true)
#4 C:\laragon\www\tontine\app\Controllers\Admin.php(88): view('administrateur/...')
#5 C:\laragon\www\tontine\system\CodeIgniter.php(832): App\Controllers\Admin->reinitialiser('starter-templat...')
#6 C:\laragon\www\tontine\system\CodeIgniter.php(419): CodeIgniter\CodeIgniter->runController(Object(App\Controllers\Admin))
#7 C:\laragon\www\tontine\system\CodeIgniter.php(326): CodeIgniter\CodeIgniter->handleRequest(NULL, Object(Config\Cache), false)
#8 C:\laragon\www\tontine\public\index.php(37): CodeIgniter\CodeIgniter->run()
#9 {main}
CRITICAL - 2022-04-13 02:03:11 --> Trying to access array offset on value of type null
#0 C:\laragon\www\tontine\app\Views\administrateur\reinitialisation.php(59): CodeIgniter\Debug\Exceptions->errorHandler(8, 'Trying to acces...', 'C:\\laragon\\www\\...', 59, Array)
#1 C:\laragon\www\tontine\system\View\View.php(210): include('C:\\laragon\\www\\...')
#2 C:\laragon\www\tontine\system\View\View.php(213): CodeIgniter\View\View->CodeIgniter\View\{closure}()
#3 C:\laragon\www\tontine\system\Common.php(1089): CodeIgniter\View\View->render('administrateur/...', Array, true)
#4 C:\laragon\www\tontine\app\Controllers\Admin.php(88): view('administrateur/...')
#5 C:\laragon\www\tontine\system\CodeIgniter.php(832): App\Controllers\Admin->reinitialiser('starter-templat...')
#6 C:\laragon\www\tontine\system\CodeIgniter.php(419): CodeIgniter\CodeIgniter->runController(Object(App\Controllers\Admin))
#7 C:\laragon\www\tontine\system\CodeIgniter.php(326): CodeIgniter\CodeIgniter->handleRequest(NULL, Object(Config\Cache), false)
#8 C:\laragon\www\tontine\public\index.php(37): CodeIgniter\CodeIgniter->run()
#9 {main}
CRITICAL - 2022-04-13 02:03:11 --> Trying to access array offset on value of type null
#0 C:\laragon\www\tontine\app\Views\administrateur\reinitialisation.php(59): CodeIgniter\Debug\Exceptions->errorHandler(8, 'Trying to acces...', 'C:\\laragon\\www\\...', 59, Array)
#1 C:\laragon\www\tontine\system\View\View.php(210): include('C:\\laragon\\www\\...')
#2 C:\laragon\www\tontine\system\View\View.php(213): CodeIgniter\View\View->CodeIgniter\View\{closure}()
#3 C:\laragon\www\tontine\system\Common.php(1089): CodeIgniter\View\View->render('administrateur/...', Array, true)
#4 C:\laragon\www\tontine\app\Controllers\Admin.php(88): view('administrateur/...')
#5 C:\laragon\www\tontine\system\CodeIgniter.php(832): App\Controllers\Admin->reinitialiser('starter-templat...')
#6 C:\laragon\www\tontine\system\CodeIgniter.php(419): CodeIgniter\CodeIgniter->runController(Object(App\Controllers\Admin))
#7 C:\laragon\www\tontine\system\CodeIgniter.php(326): CodeIgniter\CodeIgniter->handleRequest(NULL, Object(Config\Cache), false)
#8 C:\laragon\www\tontine\public\index.php(37): CodeIgniter\CodeIgniter->run()
#9 {main}
CRITICAL - 2022-04-13 02:03:13 --> Trying to access array offset on value of type null
#0 C:\laragon\www\tontine\app\Views\administrateur\reinitialisation.php(59): CodeIgniter\Debug\Exceptions->errorHandler(8, 'Trying to acces...', 'C:\\laragon\\www\\...', 59, Array)
#1 C:\laragon\www\tontine\system\View\View.php(210): include('C:\\laragon\\www\\...')
#2 C:\laragon\www\tontine\system\View\View.php(213): CodeIgniter\View\View->CodeIgniter\View\{closure}()
#3 C:\laragon\www\tontine\system\Common.php(1089): CodeIgniter\View\View->render('administrateur/...', Array, true)
#4 C:\laragon\www\tontine\app\Controllers\Admin.php(88): view('administrateur/...')
#5 C:\laragon\www\tontine\system\CodeIgniter.php(832): App\Controllers\Admin->reinitialiser('starter-templat...')
#6 C:\laragon\www\tontine\system\CodeIgniter.php(419): CodeIgniter\CodeIgniter->runController(Object(App\Controllers\Admin))
#7 C:\laragon\www\tontine\system\CodeIgniter.php(326): CodeIgniter\CodeIgniter->handleRequest(NULL, Object(Config\Cache), false)
#8 C:\laragon\www\tontine\public\index.php(37): CodeIgniter\CodeIgniter->run()
#9 {main}
CRITICAL - 2022-04-13 02:03:13 --> Trying to access array offset on value of type null
#0 C:\laragon\www\tontine\app\Views\administrateur\reinitialisation.php(59): CodeIgniter\Debug\Exceptions->errorHandler(8, 'Trying to acces...', 'C:\\laragon\\www\\...', 59, Array)
#1 C:\laragon\www\tontine\system\View\View.php(210): include('C:\\laragon\\www\\...')
#2 C:\laragon\www\tontine\system\View\View.php(213): CodeIgniter\View\View->CodeIgniter\View\{closure}()
#3 C:\laragon\www\tontine\system\Common.php(1089): CodeIgniter\View\View->render('administrateur/...', Array, true)
#4 C:\laragon\www\tontine\app\Controllers\Admin.php(88): view('administrateur/...')
#5 C:\laragon\www\tontine\system\CodeIgniter.php(832): App\Controllers\Admin->reinitialiser('starter-templat...')
#6 C:\laragon\www\tontine\system\CodeIgniter.php(419): CodeIgniter\CodeIgniter->runController(Object(App\Controllers\Admin))
#7 C:\laragon\www\tontine\system\CodeIgniter.php(326): CodeIgniter\CodeIgniter->handleRequest(NULL, Object(Config\Cache), false)
#8 C:\laragon\www\tontine\public\index.php(37): CodeIgniter\CodeIgniter->run()
#9 {main}
CRITICAL - 2022-04-13 02:03:14 --> Trying to access array offset on value of type null
#0 C:\laragon\www\tontine\app\Views\administrateur\reinitialisation.php(59): CodeIgniter\Debug\Exceptions->errorHandler(8, 'Trying to acces...', 'C:\\laragon\\www\\...', 59, Array)
#1 C:\laragon\www\tontine\system\View\View.php(210): include('C:\\laragon\\www\\...')
#2 C:\laragon\www\tontine\system\View\View.php(213): CodeIgniter\View\View->CodeIgniter\View\{closure}()
#3 C:\laragon\www\tontine\system\Common.php(1089): CodeIgniter\View\View->render('administrateur/...', Array, true)
#4 C:\laragon\www\tontine\app\Controllers\Admin.php(88): view('administrateur/...')
#5 C:\laragon\www\tontine\system\CodeIgniter.php(832): App\Controllers\Admin->reinitialiser('starter-templat...')
#6 C:\laragon\www\tontine\system\CodeIgniter.php(419): CodeIgniter\CodeIgniter->runController(Object(App\Controllers\Admin))
#7 C:\laragon\www\tontine\system\CodeIgniter.php(326): CodeIgniter\CodeIgniter->handleRequest(NULL, Object(Config\Cache), false)
#8 C:\laragon\www\tontine\public\index.php(37): CodeIgniter\CodeIgniter->run()
#9 {main}
CRITICAL - 2022-04-13 02:03:14 --> Trying to access array offset on value of type null
#0 C:\laragon\www\tontine\app\Views\administrateur\reinitialisation.php(59): CodeIgniter\Debug\Exceptions->errorHandler(8, 'Trying to acces...', 'C:\\laragon\\www\\...', 59, Array)
#1 C:\laragon\www\tontine\system\View\View.php(210): include('C:\\laragon\\www\\...')
#2 C:\laragon\www\tontine\system\View\View.php(213): CodeIgniter\View\View->CodeIgniter\View\{closure}()
#3 C:\laragon\www\tontine\system\Common.php(1089): CodeIgniter\View\View->render('administrateur/...', Array, true)
#4 C:\laragon\www\tontine\app\Controllers\Admin.php(88): view('administrateur/...')
#5 C:\laragon\www\tontine\system\CodeIgniter.php(832): App\Controllers\Admin->reinitialiser('starter-templat...')
#6 C:\laragon\www\tontine\system\CodeIgniter.php(419): CodeIgniter\CodeIgniter->runController(Object(App\Controllers\Admin))
#7 C:\laragon\www\tontine\system\CodeIgniter.php(326): CodeIgniter\CodeIgniter->handleRequest(NULL, Object(Config\Cache), false)
#8 C:\laragon\www\tontine\public\index.php(37): CodeIgniter\CodeIgniter->run()
#9 {main}
CRITICAL - 2022-04-13 02:04:07 --> Trying to access array offset on value of type null
#0 C:\laragon\www\tontine\app\Views\administrateur\reinitialisation.php(59): CodeIgniter\Debug\Exceptions->errorHandler(8, 'Trying to acces...', 'C:\\laragon\\www\\...', 59, Array)
#1 C:\laragon\www\tontine\system\View\View.php(210): include('C:\\laragon\\www\\...')
#2 C:\laragon\www\tontine\system\View\View.php(213): CodeIgniter\View\View->CodeIgniter\View\{closure}()
#3 C:\laragon\www\tontine\system\Common.php(1089): CodeIgniter\View\View->render('administrateur/...', Array, true)
#4 C:\laragon\www\tontine\app\Controllers\Admin.php(88): view('administrateur/...')
#5 C:\laragon\www\tontine\system\CodeIgniter.php(832): App\Controllers\Admin->reinitialiser('starter-templat...')
#6 C:\laragon\www\tontine\system\CodeIgniter.php(419): CodeIgniter\CodeIgniter->runController(Object(App\Controllers\Admin))
#7 C:\laragon\www\tontine\system\CodeIgniter.php(326): CodeIgniter\CodeIgniter->handleRequest(NULL, Object(Config\Cache), false)
#8 C:\laragon\www\tontine\public\index.php(37): CodeIgniter\CodeIgniter->run()
#9 {main}
CRITICAL - 2022-04-13 02:04:07 --> Trying to access array offset on value of type null
#0 C:\laragon\www\tontine\app\Views\administrateur\reinitialisation.php(59): CodeIgniter\Debug\Exceptions->errorHandler(8, 'Trying to acces...', 'C:\\laragon\\www\\...', 59, Array)
#1 C:\laragon\www\tontine\system\View\View.php(210): include('C:\\laragon\\www\\...')
#2 C:\laragon\www\tontine\system\View\View.php(213): CodeIgniter\View\View->CodeIgniter\View\{closure}()
#3 C:\laragon\www\tontine\system\Common.php(1089): CodeIgniter\View\View->render('administrateur/...', Array, true)
#4 C:\laragon\www\tontine\app\Controllers\Admin.php(88): view('administrateur/...')
#5 C:\laragon\www\tontine\system\CodeIgniter.php(832): App\Controllers\Admin->reinitialiser('starter-templat...')
#6 C:\laragon\www\tontine\system\CodeIgniter.php(419): CodeIgniter\CodeIgniter->runController(Object(App\Controllers\Admin))
#7 C:\laragon\www\tontine\system\CodeIgniter.php(326): CodeIgniter\CodeIgniter->handleRequest(NULL, Object(Config\Cache), false)
#8 C:\laragon\www\tontine\public\index.php(37): CodeIgniter\CodeIgniter->run()
#9 {main}
CRITICAL - 2022-04-13 02:04:20 --> Trying to access array offset on value of type null
#0 C:\laragon\www\tontine\app\Views\administrateur\reinitialisation.php(59): CodeIgniter\Debug\Exceptions->errorHandler(8, 'Trying to acces...', 'C:\\laragon\\www\\...', 59, Array)
#1 C:\laragon\www\tontine\system\View\View.php(210): include('C:\\laragon\\www\\...')
#2 C:\laragon\www\tontine\system\View\View.php(213): CodeIgniter\View\View->CodeIgniter\View\{closure}()
#3 C:\laragon\www\tontine\system\Common.php(1089): CodeIgniter\View\View->render('administrateur/...', Array, true)
#4 C:\laragon\www\tontine\app\Controllers\Admin.php(88): view('administrateur/...')
#5 C:\laragon\www\tontine\system\CodeIgniter.php(832): App\Controllers\Admin->reinitialiser('starter-templat...')
#6 C:\laragon\www\tontine\system\CodeIgniter.php(419): CodeIgniter\CodeIgniter->runController(Object(App\Controllers\Admin))
#7 C:\laragon\www\tontine\system\CodeIgniter.php(326): CodeIgniter\CodeIgniter->handleRequest(NULL, Object(Config\Cache), false)
#8 C:\laragon\www\tontine\public\index.php(37): CodeIgniter\CodeIgniter->run()
#9 {main}
CRITICAL - 2022-04-13 02:04:21 --> Trying to access array offset on value of type null
#0 C:\laragon\www\tontine\app\Views\administrateur\reinitialisation.php(59): CodeIgniter\Debug\Exceptions->errorHandler(8, 'Trying to acces...', 'C:\\laragon\\www\\...', 59, Array)
#1 C:\laragon\www\tontine\system\View\View.php(210): include('C:\\laragon\\www\\...')
#2 C:\laragon\www\tontine\system\View\View.php(213): CodeIgniter\View\View->CodeIgniter\View\{closure}()
#3 C:\laragon\www\tontine\system\Common.php(1089): CodeIgniter\View\View->render('administrateur/...', Array, true)
#4 C:\laragon\www\tontine\app\Controllers\Admin.php(88): view('administrateur/...')
#5 C:\laragon\www\tontine\system\CodeIgniter.php(832): App\Controllers\Admin->reinitialiser('starter-templat...')
#6 C:\laragon\www\tontine\system\CodeIgniter.php(419): CodeIgniter\CodeIgniter->runController(Object(App\Controllers\Admin))
#7 C:\laragon\www\tontine\system\CodeIgniter.php(326): CodeIgniter\CodeIgniter->handleRequest(NULL, Object(Config\Cache), false)
#8 C:\laragon\www\tontine\public\index.php(37): CodeIgniter\CodeIgniter->run()
#9 {main}
CRITICAL - 2022-04-13 02:07:03 --> Call to undefined function form_submit()
#0 C:\laragon\www\tontine\system\View\View.php(210): include()
#1 C:\laragon\www\tontine\system\View\View.php(213): CodeIgniter\View\View->CodeIgniter\View\{closure}()
#2 C:\laragon\www\tontine\system\Common.php(1089): CodeIgniter\View\View->render('administrateur/...', Array, true)
#3 C:\laragon\www\tontine\app\Controllers\Admin.php(88): view('administrateur/...')
#4 C:\laragon\www\tontine\system\CodeIgniter.php(832): App\Controllers\Admin->reinitialiser('2')
#5 C:\laragon\www\tontine\system\CodeIgniter.php(419): CodeIgniter\CodeIgniter->runController(Object(App\Controllers\Admin))
#6 C:\laragon\www\tontine\system\CodeIgniter.php(326): CodeIgniter\CodeIgniter->handleRequest(NULL, Object(Config\Cache), false)
#7 C:\laragon\www\tontine\public\index.php(37): CodeIgniter\CodeIgniter->run()
#8 {main}
CRITICAL - 2022-04-13 02:07:03 --> Trying to access array offset on value of type null
#0 C:\laragon\www\tontine\app\Views\administrateur\reinitialisation.php(59): CodeIgniter\Debug\Exceptions->errorHandler(8, 'Trying to acces...', 'C:\\laragon\\www\\...', 59, Array)
#1 C:\laragon\www\tontine\system\View\View.php(210): include('C:\\laragon\\www\\...')
#2 C:\laragon\www\tontine\system\View\View.php(213): CodeIgniter\View\View->CodeIgniter\View\{closure}()
#3 C:\laragon\www\tontine\system\Common.php(1089): CodeIgniter\View\View->render('administrateur/...', Array, true)
#4 C:\laragon\www\tontine\app\Controllers\Admin.php(88): view('administrateur/...')
#5 C:\laragon\www\tontine\system\CodeIgniter.php(832): App\Controllers\Admin->reinitialiser('starter-templat...')
#6 C:\laragon\www\tontine\system\CodeIgniter.php(419): CodeIgniter\CodeIgniter->runController(Object(App\Controllers\Admin))
#7 C:\laragon\www\tontine\system\CodeIgniter.php(326): CodeIgniter\CodeIgniter->handleRequest(NULL, Object(Config\Cache), false)
#8 C:\laragon\www\tontine\public\index.php(37): CodeIgniter\CodeIgniter->run()
#9 {main}
CRITICAL - 2022-04-13 02:07:35 --> Call to undefined function form_submit()
#0 C:\laragon\www\tontine\system\View\View.php(210): include()
#1 C:\laragon\www\tontine\system\View\View.php(213): CodeIgniter\View\View->CodeIgniter\View\{closure}()
#2 C:\laragon\www\tontine\system\Common.php(1089): CodeIgniter\View\View->render('administrateur/...', Array, true)
#3 C:\laragon\www\tontine\app\Controllers\Admin.php(88): view('administrateur/...')
#4 C:\laragon\www\tontine\system\CodeIgniter.php(832): App\Controllers\Admin->reinitialiser('2')
#5 C:\laragon\www\tontine\system\CodeIgniter.php(419): CodeIgniter\CodeIgniter->runController(Object(App\Controllers\Admin))
#6 C:\laragon\www\tontine\system\CodeIgniter.php(326): CodeIgniter\CodeIgniter->handleRequest(NULL, Object(Config\Cache), false)
#7 C:\laragon\www\tontine\public\index.php(37): CodeIgniter\CodeIgniter->run()
#8 {main}
CRITICAL - 2022-04-13 02:07:36 --> Trying to access array offset on value of type null
#0 C:\laragon\www\tontine\app\Views\administrateur\reinitialisation.php(59): CodeIgniter\Debug\Exceptions->errorHandler(8, 'Trying to acces...', 'C:\\laragon\\www\\...', 59, Array)
#1 C:\laragon\www\tontine\system\View\View.php(210): include('C:\\laragon\\www\\...')
#2 C:\laragon\www\tontine\system\View\View.php(213): CodeIgniter\View\View->CodeIgniter\View\{closure}()
#3 C:\laragon\www\tontine\system\Common.php(1089): CodeIgniter\View\View->render('administrateur/...', Array, true)
#4 C:\laragon\www\tontine\app\Controllers\Admin.php(88): view('administrateur/...')
#5 C:\laragon\www\tontine\system\CodeIgniter.php(832): App\Controllers\Admin->reinitialiser('starter-templat...')
#6 C:\laragon\www\tontine\system\CodeIgniter.php(419): CodeIgniter\CodeIgniter->runController(Object(App\Controllers\Admin))
#7 C:\laragon\www\tontine\system\CodeIgniter.php(326): CodeIgniter\CodeIgniter->handleRequest(NULL, Object(Config\Cache), false)
#8 C:\laragon\www\tontine\public\index.php(37): CodeIgniter\CodeIgniter->run()
#9 {main}
CRITICAL - 2022-04-13 02:11:21 --> Call to undefined function form_submit()
#0 C:\laragon\www\tontine\system\View\View.php(210): include()
#1 C:\laragon\www\tontine\system\View\View.php(213): CodeIgniter\View\View->CodeIgniter\View\{closure}()
#2 C:\laragon\www\tontine\system\Common.php(1089): CodeIgniter\View\View->render('administrateur/...', Array, true)
#3 C:\laragon\www\tontine\app\Controllers\Admin.php(88): view('administrateur/...')
#4 C:\laragon\www\tontine\system\CodeIgniter.php(832): App\Controllers\Admin->reinitialiser('2')
#5 C:\laragon\www\tontine\system\CodeIgniter.php(419): CodeIgniter\CodeIgniter->runController(Object(App\Controllers\Admin))
#6 C:\laragon\www\tontine\system\CodeIgniter.php(326): CodeIgniter\CodeIgniter->handleRequest(NULL, Object(Config\Cache), false)
#7 C:\laragon\www\tontine\public\index.php(37): CodeIgniter\CodeIgniter->run()
#8 {main}
CRITICAL - 2022-04-13 02:11:21 --> Trying to access array offset on value of type null
#0 C:\laragon\www\tontine\app\Views\administrateur\reinitialisation.php(59): CodeIgniter\Debug\Exceptions->errorHandler(8, 'Trying to acces...', 'C:\\laragon\\www\\...', 59, Array)
#1 C:\laragon\www\tontine\system\View\View.php(210): include('C:\\laragon\\www\\...')
#2 C:\laragon\www\tontine\system\View\View.php(213): CodeIgniter\View\View->CodeIgniter\View\{closure}()
#3 C:\laragon\www\tontine\system\Common.php(1089): CodeIgniter\View\View->render('administrateur/...', Array, true)
#4 C:\laragon\www\tontine\app\Controllers\Admin.php(88): view('administrateur/...')
#5 C:\laragon\www\tontine\system\CodeIgniter.php(832): App\Controllers\Admin->reinitialiser('starter-templat...')
#6 C:\laragon\www\tontine\system\CodeIgniter.php(419): CodeIgniter\CodeIgniter->runController(Object(App\Controllers\Admin))
#7 C:\laragon\www\tontine\system\CodeIgniter.php(326): CodeIgniter\CodeIgniter->handleRequest(NULL, Object(Config\Cache), false)
#8 C:\laragon\www\tontine\public\index.php(37): CodeIgniter\CodeIgniter->run()
#9 {main}
CRITICAL - 2022-04-13 02:12:26 --> Call to undefined function form_submit()
#0 C:\laragon\www\tontine\system\View\View.php(210): include()
#1 C:\laragon\www\tontine\system\View\View.php(213): CodeIgniter\View\View->CodeIgniter\View\{closure}()
#2 C:\laragon\www\tontine\system\Common.php(1089): CodeIgniter\View\View->render('administrateur/...', Array, true)
#3 C:\laragon\www\tontine\app\Controllers\Admin.php(88): view('administrateur/...')
#4 C:\laragon\www\tontine\system\CodeIgniter.php(832): App\Controllers\Admin->reinitialiser('2')
#5 C:\laragon\www\tontine\system\CodeIgniter.php(419): CodeIgniter\CodeIgniter->runController(Object(App\Controllers\Admin))
#6 C:\laragon\www\tontine\system\CodeIgniter.php(326): CodeIgniter\CodeIgniter->handleRequest(NULL, Object(Config\Cache), false)
#7 C:\laragon\www\tontine\public\index.php(37): CodeIgniter\CodeIgniter->run()
#8 {main}
CRITICAL - 2022-04-13 02:12:26 --> Trying to access array offset on value of type null
#0 C:\laragon\www\tontine\app\Views\administrateur\reinitialisation.php(59): CodeIgniter\Debug\Exceptions->errorHandler(8, 'Trying to acces...', 'C:\\laragon\\www\\...', 59, Array)
#1 C:\laragon\www\tontine\system\View\View.php(210): include('C:\\laragon\\www\\...')
#2 C:\laragon\www\tontine\system\View\View.php(213): CodeIgniter\View\View->CodeIgniter\View\{closure}()
#3 C:\laragon\www\tontine\system\Common.php(1089): CodeIgniter\View\View->render('administrateur/...', Array, true)
#4 C:\laragon\www\tontine\app\Controllers\Admin.php(88): view('administrateur/...')
#5 C:\laragon\www\tontine\system\CodeIgniter.php(832): App\Controllers\Admin->reinitialiser('starter-templat...')
#6 C:\laragon\www\tontine\system\CodeIgniter.php(419): CodeIgniter\CodeIgniter->runController(Object(App\Controllers\Admin))
#7 C:\laragon\www\tontine\system\CodeIgniter.php(326): CodeIgniter\CodeIgniter->handleRequest(NULL, Object(Config\Cache), false)
#8 C:\laragon\www\tontine\public\index.php(37): CodeIgniter\CodeIgniter->run()
#9 {main}
CRITICAL - 2022-04-13 02:12:28 --> Call to undefined function form_submit()
#0 C:\laragon\www\tontine\system\View\View.php(210): include()
#1 C:\laragon\www\tontine\system\View\View.php(213): CodeIgniter\View\View->CodeIgniter\View\{closure}()
#2 C:\laragon\www\tontine\system\Common.php(1089): CodeIgniter\View\View->render('administrateur/...', Array, true)
#3 C:\laragon\www\tontine\app\Controllers\Admin.php(88): view('administrateur/...')
#4 C:\laragon\www\tontine\system\CodeIgniter.php(832): App\Controllers\Admin->reinitialiser('2')
#5 C:\laragon\www\tontine\system\CodeIgniter.php(419): CodeIgniter\CodeIgniter->runController(Object(App\Controllers\Admin))
#6 C:\laragon\www\tontine\system\CodeIgniter.php(326): CodeIgniter\CodeIgniter->handleRequest(NULL, Object(Config\Cache), false)
#7 C:\laragon\www\tontine\public\index.php(37): CodeIgniter\CodeIgniter->run()
#8 {main}
CRITICAL - 2022-04-13 02:12:28 --> Trying to access array offset on value of type null
#0 C:\laragon\www\tontine\app\Views\administrateur\reinitialisation.php(59): CodeIgniter\Debug\Exceptions->errorHandler(8, 'Trying to acces...', 'C:\\laragon\\www\\...', 59, Array)
#1 C:\laragon\www\tontine\system\View\View.php(210): include('C:\\laragon\\www\\...')
#2 C:\laragon\www\tontine\system\View\View.php(213): CodeIgniter\View\View->CodeIgniter\View\{closure}()
#3 C:\laragon\www\tontine\system\Common.php(1089): CodeIgniter\View\View->render('administrateur/...', Array, true)
#4 C:\laragon\www\tontine\app\Controllers\Admin.php(88): view('administrateur/...')
#5 C:\laragon\www\tontine\system\CodeIgniter.php(832): App\Controllers\Admin->reinitialiser('starter-templat...')
#6 C:\laragon\www\tontine\system\CodeIgniter.php(419): CodeIgniter\CodeIgniter->runController(Object(App\Controllers\Admin))
#7 C:\laragon\www\tontine\system\CodeIgniter.php(326): CodeIgniter\CodeIgniter->handleRequest(NULL, Object(Config\Cache), false)
#8 C:\laragon\www\tontine\public\index.php(37): CodeIgniter\CodeIgniter->run()
#9 {main}
CRITICAL - 2022-04-13 02:14:32 --> Trying to access array offset on value of type null
#0 C:\laragon\www\tontine\app\Views\administrateur\reinitialisation.php(58): CodeIgniter\Debug\Exceptions->errorHandler(8, 'Trying to acces...', 'C:\\laragon\\www\\...', 58, Array)
#1 C:\laragon\www\tontine\system\View\View.php(210): include('C:\\laragon\\www\\...')
#2 C:\laragon\www\tontine\system\View\View.php(213): CodeIgniter\View\View->CodeIgniter\View\{closure}()
#3 C:\laragon\www\tontine\system\Common.php(1089): CodeIgniter\View\View->render('administrateur/...', Array, true)
#4 C:\laragon\www\tontine\app\Controllers\Admin.php(88): view('administrateur/...')
#5 C:\laragon\www\tontine\system\CodeIgniter.php(832): App\Controllers\Admin->reinitialiser('starter-templat...')
#6 C:\laragon\www\tontine\system\CodeIgniter.php(419): CodeIgniter\CodeIgniter->runController(Object(App\Controllers\Admin))
#7 C:\laragon\www\tontine\system\CodeIgniter.php(326): CodeIgniter\CodeIgniter->handleRequest(NULL, Object(Config\Cache), false)
#8 C:\laragon\www\tontine\public\index.php(37): CodeIgniter\CodeIgniter->run()
#9 {main}
CRITICAL - 2022-04-13 02:14:32 --> Trying to access array offset on value of type null
#0 C:\laragon\www\tontine\app\Views\administrateur\reinitialisation.php(58): CodeIgniter\Debug\Exceptions->errorHandler(8, 'Trying to acces...', 'C:\\laragon\\www\\...', 58, Array)
#1 C:\laragon\www\tontine\system\View\View.php(210): include('C:\\laragon\\www\\...')
#2 C:\laragon\www\tontine\system\View\View.php(213): CodeIgniter\View\View->CodeIgniter\View\{closure}()
#3 C:\laragon\www\tontine\system\Common.php(1089): CodeIgniter\View\View->render('administrateur/...', Array, true)
#4 C:\laragon\www\tontine\app\Controllers\Admin.php(88): view('administrateur/...')
#5 C:\laragon\www\tontine\system\CodeIgniter.php(832): App\Controllers\Admin->reinitialiser('starter-templat...')
#6 C:\laragon\www\tontine\system\CodeIgniter.php(419): CodeIgniter\CodeIgniter->runController(Object(App\Controllers\Admin))
#7 C:\laragon\www\tontine\system\CodeIgniter.php(326): CodeIgniter\CodeIgniter->handleRequest(NULL, Object(Config\Cache), false)
#8 C:\laragon\www\tontine\public\index.php(37): CodeIgniter\CodeIgniter->run()
#9 {main}
ERROR - 2022-04-13 02:14:48 --> Column 'profil' cannot be null
CRITICAL - 2022-04-13 02:14:48 --> Column 'profil' cannot be null
#0 C:\laragon\www\tontine\system\Database\MySQLi\Connection.php(292): mysqli->query('INSERT INTO `ad...', 0)
#1 C:\laragon\www\tontine\system\Database\BaseConnection.php(670): CodeIgniter\Database\MySQLi\Connection->execute('INSERT INTO `ad...')
#2 C:\laragon\www\tontine\system\Database\BaseConnection.php(598): CodeIgniter\Database\BaseConnection->simpleQuery('INSERT INTO `ad...')
#3 C:\laragon\www\tontine\system\Database\BaseBuilder.php(1771): CodeIgniter\Database\BaseConnection->query('INSERT INTO `ad...', Array, false)
#4 C:\laragon\www\tontine\system\Model.php(239): CodeIgniter\Database\BaseBuilder->insert()
#5 C:\laragon\www\tontine\system\BaseModel.php(738): CodeIgniter\Model->doInsert(Array)
#6 C:\laragon\www\tontine\system\Model.php(625): CodeIgniter\BaseModel->insert(Array, false)
#7 C:\laragon\www\tontine\system\BaseModel.php(658): CodeIgniter\Model->insert(Array, false)
#8 C:\laragon\www\tontine\app\Controllers\Admin.php(73): CodeIgniter\BaseModel->save(Array)
#9 C:\laragon\www\tontine\system\CodeIgniter.php(832): App\Controllers\Admin->reinitialiser('2')
#10 C:\laragon\www\tontine\system\CodeIgniter.php(419): CodeIgniter\CodeIgniter->runController(Object(App\Controllers\Admin))
#11 C:\laragon\www\tontine\system\CodeIgniter.php(326): CodeIgniter\CodeIgniter->handleRequest(NULL, Object(Config\Cache), false)
#12 C:\laragon\www\tontine\public\index.php(37): CodeIgniter\CodeIgniter->run()
#13 {main}
CRITICAL - 2022-04-13 02:28:34 --> Trying to access array offset on value of type null
#0 C:\laragon\www\tontine\app\Views\administrateur\reinitialisation.php(58): CodeIgniter\Debug\Exceptions->errorHandler(8, 'Trying to acces...', 'C:\\laragon\\www\\...', 58, Array)
#1 C:\laragon\www\tontine\system\View\View.php(210): include('C:\\laragon\\www\\...')
#2 C:\laragon\www\tontine\system\View\View.php(213): CodeIgniter\View\View->CodeIgniter\View\{closure}()
#3 C:\laragon\www\tontine\system\Common.php(1089): CodeIgniter\View\View->render('administrateur/...', Array, true)
#4 C:\laragon\www\tontine\app\Controllers\Admin.php(87): view('administrateur/...')
#5 C:\laragon\www\tontine\system\CodeIgniter.php(832): App\Controllers\Admin->reinitialiser('starter-templat...')
#6 C:\laragon\www\tontine\system\CodeIgniter.php(419): CodeIgniter\CodeIgniter->runController(Object(App\Controllers\Admin))
#7 C:\laragon\www\tontine\system\CodeIgniter.php(326): CodeIgniter\CodeIgniter->handleRequest(NULL, Object(Config\Cache), false)
#8 C:\laragon\www\tontine\public\index.php(37): CodeIgniter\CodeIgniter->run()
#9 {main}
CRITICAL - 2022-04-13 02:28:34 --> Trying to access array offset on value of type null
#0 C:\laragon\www\tontine\app\Views\administrateur\reinitialisation.php(58): CodeIgniter\Debug\Exceptions->errorHandler(8, 'Trying to acces...', 'C:\\laragon\\www\\...', 58, Array)
#1 C:\laragon\www\tontine\system\View\View.php(210): include('C:\\laragon\\www\\...')
#2 C:\laragon\www\tontine\system\View\View.php(213): CodeIgniter\View\View->CodeIgniter\View\{closure}()
#3 C:\laragon\www\tontine\system\Common.php(1089): CodeIgniter\View\View->render('administrateur/...', Array, true)
#4 C:\laragon\www\tontine\app\Controllers\Admin.php(87): view('administrateur/...')
#5 C:\laragon\www\tontine\system\CodeIgniter.php(832): App\Controllers\Admin->reinitialiser('starter-templat...')
#6 C:\laragon\www\tontine\system\CodeIgniter.php(419): CodeIgniter\CodeIgniter->runController(Object(App\Controllers\Admin))
#7 C:\laragon\www\tontine\system\CodeIgniter.php(326): CodeIgniter\CodeIgniter->handleRequest(NULL, Object(Config\Cache), false)
#8 C:\laragon\www\tontine\public\index.php(37): CodeIgniter\CodeIgniter->run()
#9 {main}
CRITICAL - 2022-04-13 02:28:39 --> Trying to access array offset on value of type null
#0 C:\laragon\www\tontine\app\Views\administrateur\reinitialisation.php(58): CodeIgniter\Debug\Exceptions->errorHandler(8, 'Trying to acces...', 'C:\\laragon\\www\\...', 58, Array)
#1 C:\laragon\www\tontine\system\View\View.php(210): include('C:\\laragon\\www\\...')
#2 C:\laragon\www\tontine\system\View\View.php(213): CodeIgniter\View\View->CodeIgniter\View\{closure}()
#3 C:\laragon\www\tontine\system\Common.php(1089): CodeIgniter\View\View->render('administrateur/...', Array, true)
#4 C:\laragon\www\tontine\app\Controllers\Admin.php(87): view('administrateur/...')
#5 C:\laragon\www\tontine\system\CodeIgniter.php(832): App\Controllers\Admin->reinitialiser('starter-templat...')
#6 C:\laragon\www\tontine\system\CodeIgniter.php(419): CodeIgniter\CodeIgniter->runController(Object(App\Controllers\Admin))
#7 C:\laragon\www\tontine\system\CodeIgniter.php(326): CodeIgniter\CodeIgniter->handleRequest(NULL, Object(Config\Cache), false)
#8 C:\laragon\www\tontine\public\index.php(37): CodeIgniter\CodeIgniter->run()
#9 {main}
CRITICAL - 2022-04-13 02:28:39 --> Trying to access array offset on value of type null
#0 C:\laragon\www\tontine\app\Views\administrateur\reinitialisation.php(58): CodeIgniter\Debug\Exceptions->errorHandler(8, 'Trying to acces...', 'C:\\laragon\\www\\...', 58, Array)
#1 C:\laragon\www\tontine\system\View\View.php(210): include('C:\\laragon\\www\\...')
#2 C:\laragon\www\tontine\system\View\View.php(213): CodeIgniter\View\View->CodeIgniter\View\{closure}()
#3 C:\laragon\www\tontine\system\Common.php(1089): CodeIgniter\View\View->render('administrateur/...', Array, true)
#4 C:\laragon\www\tontine\app\Controllers\Admin.php(87): view('administrateur/...')
#5 C:\laragon\www\tontine\system\CodeIgniter.php(832): App\Controllers\Admin->reinitialiser('starter-templat...')
#6 C:\laragon\www\tontine\system\CodeIgniter.php(419): CodeIgniter\CodeIgniter->runController(Object(App\Controllers\Admin))
#7 C:\laragon\www\tontine\system\CodeIgniter.php(326): CodeIgniter\CodeIgniter->handleRequest(NULL, Object(Config\Cache), false)
#8 C:\laragon\www\tontine\public\index.php(37): CodeIgniter\CodeIgniter->run()
#9 {main}
CRITICAL - 2022-04-13 02:29:07 --> Undefined variable: adherent
#0 C:\laragon\www\tontine\app\Views\administrateur\reinitialisation.php(58): CodeIgniter\Debug\Exceptions->errorHandler(8, 'Undefined varia...', 'C:\\laragon\\www\\...', 58, Array)
#1 C:\laragon\www\tontine\system\View\View.php(210): include('C:\\laragon\\www\\...')
#2 C:\laragon\www\tontine\system\View\View.php(213): CodeIgniter\View\View->CodeIgniter\View\{closure}()
#3 C:\laragon\www\tontine\system\Common.php(1089): CodeIgniter\View\View->render('administrateur/...', Array, true)
#4 C:\laragon\www\tontine\app\Controllers\Admin.php(87): view('administrateur/...')
#5 C:\laragon\www\tontine\system\CodeIgniter.php(832): App\Controllers\Admin->reinitialiser('4')
#6 C:\laragon\www\tontine\system\CodeIgniter.php(419): CodeIgniter\CodeIgniter->runController(Object(App\Controllers\Admin))
#7 C:\laragon\www\tontine\system\CodeIgniter.php(326): CodeIgniter\CodeIgniter->handleRequest(NULL, Object(Config\Cache), false)
#8 C:\laragon\www\tontine\public\index.php(37): CodeIgniter\CodeIgniter->run()
#9 {main}
CRITICAL - 2022-04-13 02:29:08 --> Trying to access array offset on value of type null
#0 C:\laragon\www\tontine\app\Views\administrateur\reinitialisation.php(58): CodeIgniter\Debug\Exceptions->errorHandler(8, 'Trying to acces...', 'C:\\laragon\\www\\...', 58, Array)
#1 C:\laragon\www\tontine\system\View\View.php(210): include('C:\\laragon\\www\\...')
#2 C:\laragon\www\tontine\system\View\View.php(213): CodeIgniter\View\View->CodeIgniter\View\{closure}()
#3 C:\laragon\www\tontine\system\Common.php(1089): CodeIgniter\View\View->render('administrateur/...', Array, true)
#4 C:\laragon\www\tontine\app\Controllers\Admin.php(87): view('administrateur/...')
#5 C:\laragon\www\tontine\system\CodeIgniter.php(832): App\Controllers\Admin->reinitialiser('starter-templat...')
#6 C:\laragon\www\tontine\system\CodeIgniter.php(419): CodeIgniter\CodeIgniter->runController(Object(App\Controllers\Admin))
#7 C:\laragon\www\tontine\system\CodeIgniter.php(326): CodeIgniter\CodeIgniter->handleRequest(NULL, Object(Config\Cache), false)
#8 C:\laragon\www\tontine\public\index.php(37): CodeIgniter\CodeIgniter->run()
#9 {main}
CRITICAL - 2022-04-13 02:29:32 --> Trying to access array offset on value of type null
#0 C:\laragon\www\tontine\app\Views\administrateur\reinitialisation.php(58): CodeIgniter\Debug\Exceptions->errorHandler(8, 'Trying to acces...', 'C:\\laragon\\www\\...', 58, Array)
#1 C:\laragon\www\tontine\system\View\View.php(210): include('C:\\laragon\\www\\...')
#2 C:\laragon\www\tontine\system\View\View.php(213): CodeIgniter\View\View->CodeIgniter\View\{closure}()
#3 C:\laragon\www\tontine\system\Common.php(1089): CodeIgniter\View\View->render('administrateur/...', Array, true)
#4 C:\laragon\www\tontine\app\Controllers\Admin.php(87): view('administrateur/...')
#5 C:\laragon\www\tontine\system\CodeIgniter.php(832): App\Controllers\Admin->reinitialiser('starter-templat...')
#6 C:\laragon\www\tontine\system\CodeIgniter.php(419): CodeIgniter\CodeIgniter->runController(Object(App\Controllers\Admin))
#7 C:\laragon\www\tontine\system\CodeIgniter.php(326): CodeIgniter\CodeIgniter->handleRequest(NULL, Object(Config\Cache), false)
#8 C:\laragon\www\tontine\public\index.php(37): CodeIgniter\CodeIgniter->run()
#9 {main}
CRITICAL - 2022-04-13 02:29:32 --> Trying to access array offset on value of type null
#0 C:\laragon\www\tontine\app\Views\administrateur\reinitialisation.php(58): CodeIgniter\Debug\Exceptions->errorHandler(8, 'Trying to acces...', 'C:\\laragon\\www\\...', 58, Array)
#1 C:\laragon\www\tontine\system\View\View.php(210): include('C:\\laragon\\www\\...')
#2 C:\laragon\www\tontine\system\View\View.php(213): CodeIgniter\View\View->CodeIgniter\View\{closure}()
#3 C:\laragon\www\tontine\system\Common.php(1089): CodeIgniter\View\View->render('administrateur/...', Array, true)
#4 C:\laragon\www\tontine\app\Controllers\Admin.php(87): view('administrateur/...')
#5 C:\laragon\www\tontine\system\CodeIgniter.php(832): App\Controllers\Admin->reinitialiser('starter-templat...')
#6 C:\laragon\www\tontine\system\CodeIgniter.php(419): CodeIgniter\CodeIgniter->runController(Object(App\Controllers\Admin))
#7 C:\laragon\www\tontine\system\CodeIgniter.php(326): CodeIgniter\CodeIgniter->handleRequest(NULL, Object(Config\Cache), false)
#8 C:\laragon\www\tontine\public\index.php(37): CodeIgniter\CodeIgniter->run()
#9 {main}
CRITICAL - 2022-04-13 02:29:42 --> Trying to access array offset on value of type null
#0 C:\laragon\www\tontine\app\Views\administrateur\reinitialisation.php(58): CodeIgniter\Debug\Exceptions->errorHandler(8, 'Trying to acces...', 'C:\\laragon\\www\\...', 58, Array)
#1 C:\laragon\www\tontine\system\View\View.php(210): include('C:\\laragon\\www\\...')
#2 C:\laragon\www\tontine\system\View\View.php(213): CodeIgniter\View\View->CodeIgniter\View\{closure}()
#3 C:\laragon\www\tontine\system\Common.php(1089): CodeIgniter\View\View->render('administrateur/...', Array, true)
#4 C:\laragon\www\tontine\app\Controllers\Admin.php(87): view('administrateur/...')
#5 C:\laragon\www\tontine\system\CodeIgniter.php(832): App\Controllers\Admin->reinitialiser('starter-templat...')
#6 C:\laragon\www\tontine\system\CodeIgniter.php(419): CodeIgniter\CodeIgniter->runController(Object(App\Controllers\Admin))
#7 C:\laragon\www\tontine\system\CodeIgniter.php(326): CodeIgniter\CodeIgniter->handleRequest(NULL, Object(Config\Cache), false)
#8 C:\laragon\www\tontine\public\index.php(37): CodeIgniter\CodeIgniter->run()
#9 {main}
CRITICAL - 2022-04-13 02:29:42 --> Trying to access array offset on value of type null
#0 C:\laragon\www\tontine\app\Views\administrateur\reinitialisation.php(58): CodeIgniter\Debug\Exceptions->errorHandler(8, 'Trying to acces...', 'C:\\laragon\\www\\...', 58, Array)
#1 C:\laragon\www\tontine\system\View\View.php(210): include('C:\\laragon\\www\\...')
#2 C:\laragon\www\tontine\system\View\View.php(213): CodeIgniter\View\View->CodeIgniter\View\{closure}()
#3 C:\laragon\www\tontine\system\Common.php(1089): CodeIgniter\View\View->render('administrateur/...', Array, true)
#4 C:\laragon\www\tontine\app\Controllers\Admin.php(87): view('administrateur/...')
#5 C:\laragon\www\tontine\system\CodeIgniter.php(832): App\Controllers\Admin->reinitialiser('starter-templat...')
#6 C:\laragon\www\tontine\system\CodeIgniter.php(419): CodeIgniter\CodeIgniter->runController(Object(App\Controllers\Admin))
#7 C:\laragon\www\tontine\system\CodeIgniter.php(326): CodeIgniter\CodeIgniter->handleRequest(NULL, Object(Config\Cache), false)
#8 C:\laragon\www\tontine\public\index.php(37): CodeIgniter\CodeIgniter->run()
#9 {main}
