<<<<<<< HEAD
CRITICAL - 2022-04-11 03:28:41 --> Trying to access array offset on value of type null
#0 C:\laragon\www\tontine\app\Controllers\Adherent.php(42): CodeIgniter\Debug\Exceptions->errorHandler(8, 'Trying to acces...', 'C:\\laragon\\www\\...', 42, Array)
#1 C:\laragon\www\tontine\system\CodeIgniter.php(832): App\Controllers\Adherent->modifierTontine('starter-templat...')
#2 C:\laragon\www\tontine\system\CodeIgniter.php(419): CodeIgniter\CodeIgniter->runController(Object(App\Controllers\Adherent))
#3 C:\laragon\www\tontine\system\CodeIgniter.php(326): CodeIgniter\CodeIgniter->handleRequest(NULL, Object(Config\Cache), false)
#4 C:\laragon\www\tontine\public\index.php(37): CodeIgniter\CodeIgniter->run()
#5 {main}
CRITICAL - 2022-04-11 04:05:00 --> Trying to access array offset on value of type null
#0 C:\laragon\www\tontine\app\Controllers\Adherent.php(51): CodeIgniter\Debug\Exceptions->errorHandler(8, 'Trying to acces...', 'C:\\laragon\\www\\...', 51, Array)
#1 C:\laragon\www\tontine\system\CodeIgniter.php(832): App\Controllers\Adherent->modifierTontine('starter-templat...')
#2 C:\laragon\www\tontine\system\CodeIgniter.php(419): CodeIgniter\CodeIgniter->runController(Object(App\Controllers\Adherent))
#3 C:\laragon\www\tontine\system\CodeIgniter.php(326): CodeIgniter\CodeIgniter->handleRequest(NULL, Object(Config\Cache), false)
#4 C:\laragon\www\tontine\public\index.php(37): CodeIgniter\CodeIgniter->run()
#5 {main}
=======
ERROR - 2022-04-11 07:02:32 --> Cannot delete or update a parent row: a foreign key constraint fails (`tontine`.`tontine`, CONSTRAINT `FK_AdherentTon` FOREIGN KEY (`idResponsable`) REFERENCES `tontine` (`id`))
CRITICAL - 2022-04-11 07:02:32 --> Cannot delete or update a parent row: a foreign key constraint fails (`tontine`.`tontine`, CONSTRAINT `FK_AdherentTon` FOREIGN KEY (`idResponsable`) REFERENCES `tontine` (`id`))
#0 C:\laragon\www\tontine\system\Database\MySQLi\Connection.php(292): mysqli->query('DELETE FROM `to...', 0)
#1 C:\laragon\www\tontine\system\Database\BaseConnection.php(670): CodeIgniter\Database\MySQLi\Connection->execute('DELETE FROM `to...')
#2 C:\laragon\www\tontine\system\Database\BaseConnection.php(598): CodeIgniter\Database\BaseConnection->simpleQuery('DELETE FROM `to...')
#3 C:\laragon\www\tontine\system\Database\BaseBuilder.php(2225): CodeIgniter\Database\BaseConnection->query('DELETE FROM `to...', Array, false)
#4 C:\laragon\www\tontine\system\Model.php(359): CodeIgniter\Database\BaseBuilder->delete()
#5 C:\laragon\www\tontine\system\BaseModel.php(963): CodeIgniter\Model->doDelete(Array, false)
#6 C:\laragon\www\tontine\app\Controllers\Adherent.php(10): CodeIgniter\BaseModel->delete(Array)
#7 C:\laragon\www\tontine\system\CodeIgniter.php(832): App\Controllers\Adherent->suprimerTontine('1')
#8 C:\laragon\www\tontine\system\CodeIgniter.php(419): CodeIgniter\CodeIgniter->runController(Object(App\Controllers\Adherent))
#9 C:\laragon\www\tontine\system\CodeIgniter.php(326): CodeIgniter\CodeIgniter->handleRequest(NULL, Object(Config\Cache), false)
#10 C:\laragon\www\tontine\public\index.php(37): CodeIgniter\CodeIgniter->run()
#11 {main}
ERROR - 2022-04-11 07:02:42 --> Cannot delete or update a parent row: a foreign key constraint fails (`tontine`.`tontine`, CONSTRAINT `FK_AdherentTon` FOREIGN KEY (`idResponsable`) REFERENCES `tontine` (`id`))
CRITICAL - 2022-04-11 07:02:42 --> Cannot delete or update a parent row: a foreign key constraint fails (`tontine`.`tontine`, CONSTRAINT `FK_AdherentTon` FOREIGN KEY (`idResponsable`) REFERENCES `tontine` (`id`))
#0 C:\laragon\www\tontine\system\Database\MySQLi\Connection.php(292): mysqli->query('DELETE FROM `to...', 0)
#1 C:\laragon\www\tontine\system\Database\BaseConnection.php(670): CodeIgniter\Database\MySQLi\Connection->execute('DELETE FROM `to...')
#2 C:\laragon\www\tontine\system\Database\BaseConnection.php(598): CodeIgniter\Database\BaseConnection->simpleQuery('DELETE FROM `to...')
#3 C:\laragon\www\tontine\system\Database\BaseBuilder.php(2225): CodeIgniter\Database\BaseConnection->query('DELETE FROM `to...', Array, false)
#4 C:\laragon\www\tontine\system\Model.php(359): CodeIgniter\Database\BaseBuilder->delete()
#5 C:\laragon\www\tontine\system\BaseModel.php(963): CodeIgniter\Model->doDelete(Array, false)
#6 C:\laragon\www\tontine\app\Controllers\Adherent.php(10): CodeIgniter\BaseModel->delete(Array)
#7 C:\laragon\www\tontine\system\CodeIgniter.php(832): App\Controllers\Adherent->suprimerTontine('1')
#8 C:\laragon\www\tontine\system\CodeIgniter.php(419): CodeIgniter\CodeIgniter->runController(Object(App\Controllers\Adherent))
#9 C:\laragon\www\tontine\system\CodeIgniter.php(326): CodeIgniter\CodeIgniter->handleRequest(NULL, Object(Config\Cache), false)
#10 C:\laragon\www\tontine\public\index.php(37): CodeIgniter\CodeIgniter->run()
#11 {main}
>>>>>>> 61ed006f0c9b2f765ee4151d39fc7df9f49f75f3
CRITICAL - 2022-04-11 05:36:13 --> date_create() expects parameter 2 to be DateTimeZone, string given
#0 [internal function]: CodeIgniter\Debug\Exceptions->errorHandler(2, 'date_create() e...', 'C:\\laragon\\www\\...', 10, Array)
#1 C:\laragon\www\tontine\app\Views\adherent\tontine.php(10): date_create('2022-05-05', 'd/m/Y')
#2 C:\laragon\www\tontine\system\View\View.php(210): include('C:\\laragon\\www\\...')
#3 C:\laragon\www\tontine\system\View\View.php(213): CodeIgniter\View\View->CodeIgniter\View\{closure}()
#4 C:\laragon\www\tontine\system\Common.php(1089): CodeIgniter\View\View->render('adherent/tontin...', Array, true)
#5 C:\laragon\www\tontine\app\Controllers\Adherent.php(15): view('adherent/tontin...')
#6 C:\laragon\www\tontine\system\CodeIgniter.php(832): App\Controllers\Adherent->tontine('4')
#7 C:\laragon\www\tontine\system\CodeIgniter.php(419): CodeIgniter\CodeIgniter->runController(Object(App\Controllers\Adherent))
#8 C:\laragon\www\tontine\system\CodeIgniter.php(326): CodeIgniter\CodeIgniter->handleRequest(NULL, Object(Config\Cache), false)
#9 C:\laragon\www\tontine\public\index.php(37): CodeIgniter\CodeIgniter->run()
#10 {main}
CRITICAL - 2022-04-11 05:36:13 --> Trying to access array offset on value of type null
#0 C:\laragon\www\tontine\app\Views\adherent\tontine.php(1): CodeIgniter\Debug\Exceptions->errorHandler(8, 'Trying to acces...', 'C:\\laragon\\www\\...', 1, Array)
#1 C:\laragon\www\tontine\system\View\View.php(210): include('C:\\laragon\\www\\...')
#2 C:\laragon\www\tontine\system\View\View.php(213): CodeIgniter\View\View->CodeIgniter\View\{closure}()
#3 C:\laragon\www\tontine\system\Common.php(1089): CodeIgniter\View\View->render('adherent/tontin...', Array, true)
#4 C:\laragon\www\tontine\app\Controllers\Adherent.php(15): view('adherent/tontin...')
#5 C:\laragon\www\tontine\system\CodeIgniter.php(832): App\Controllers\Adherent->tontine('starter-templat...')
#6 C:\laragon\www\tontine\system\CodeIgniter.php(419): CodeIgniter\CodeIgniter->runController(Object(App\Controllers\Adherent))
#7 C:\laragon\www\tontine\system\CodeIgniter.php(326): CodeIgniter\CodeIgniter->handleRequest(NULL, Object(Config\Cache), false)
#8 C:\laragon\www\tontine\public\index.php(37): CodeIgniter\CodeIgniter->run()
#9 {main}
CRITICAL - 2022-04-11 05:37:11 --> Trying to access array offset on value of type null
#0 C:\laragon\www\tontine\app\Views\adherent\tontine.php(1): CodeIgniter\Debug\Exceptions->errorHandler(8, 'Trying to acces...', 'C:\\laragon\\www\\...', 1, Array)
#1 C:\laragon\www\tontine\system\View\View.php(210): include('C:\\laragon\\www\\...')
#2 C:\laragon\www\tontine\system\View\View.php(213): CodeIgniter\View\View->CodeIgniter\View\{closure}()
#3 C:\laragon\www\tontine\system\Common.php(1089): CodeIgniter\View\View->render('adherent/tontin...', Array, true)
#4 C:\laragon\www\tontine\app\Controllers\Adherent.php(15): view('adherent/tontin...')
#5 C:\laragon\www\tontine\system\CodeIgniter.php(832): App\Controllers\Adherent->tontine('starter-templat...')
#6 C:\laragon\www\tontine\system\CodeIgniter.php(419): CodeIgniter\CodeIgniter->runController(Object(App\Controllers\Adherent))
#7 C:\laragon\www\tontine\system\CodeIgniter.php(326): CodeIgniter\CodeIgniter->handleRequest(NULL, Object(Config\Cache), false)
#8 C:\laragon\www\tontine\public\index.php(37): CodeIgniter\CodeIgniter->run()
#9 {main}
CRITICAL - 2022-04-11 05:38:39 --> Trying to access array offset on value of type null
#0 C:\laragon\www\tontine\app\Views\adherent\tontine.php(1): CodeIgniter\Debug\Exceptions->errorHandler(8, 'Trying to acces...', 'C:\\laragon\\www\\...', 1, Array)
#1 C:\laragon\www\tontine\system\View\View.php(210): include('C:\\laragon\\www\\...')
#2 C:\laragon\www\tontine\system\View\View.php(213): CodeIgniter\View\View->CodeIgniter\View\{closure}()
#3 C:\laragon\www\tontine\system\Common.php(1089): CodeIgniter\View\View->render('adherent/tontin...', Array, true)
#4 C:\laragon\www\tontine\app\Controllers\Adherent.php(15): view('adherent/tontin...')
#5 C:\laragon\www\tontine\system\CodeIgniter.php(832): App\Controllers\Adherent->tontine('starter-templat...')
#6 C:\laragon\www\tontine\system\CodeIgniter.php(419): CodeIgniter\CodeIgniter->runController(Object(App\Controllers\Adherent))
#7 C:\laragon\www\tontine\system\CodeIgniter.php(326): CodeIgniter\CodeIgniter->handleRequest(NULL, Object(Config\Cache), false)
#8 C:\laragon\www\tontine\public\index.php(37): CodeIgniter\CodeIgniter->run()
#9 {main}
CRITICAL - 2022-04-11 05:42:42 --> Trying to access array offset on value of type null
#0 C:\laragon\www\tontine\app\Views\adherent\tontine.php(1): CodeIgniter\Debug\Exceptions->errorHandler(8, 'Trying to acces...', 'C:\\laragon\\www\\...', 1, Array)
#1 C:\laragon\www\tontine\system\View\View.php(210): include('C:\\laragon\\www\\...')
#2 C:\laragon\www\tontine\system\View\View.php(213): CodeIgniter\View\View->CodeIgniter\View\{closure}()
#3 C:\laragon\www\tontine\system\Common.php(1089): CodeIgniter\View\View->render('adherent/tontin...', Array, true)
#4 C:\laragon\www\tontine\app\Controllers\Adherent.php(15): view('adherent/tontin...')
#5 C:\laragon\www\tontine\system\CodeIgniter.php(832): App\Controllers\Adherent->tontine('starter-templat...')
#6 C:\laragon\www\tontine\system\CodeIgniter.php(419): CodeIgniter\CodeIgniter->runController(Object(App\Controllers\Adherent))
#7 C:\laragon\www\tontine\system\CodeIgniter.php(326): CodeIgniter\CodeIgniter->handleRequest(NULL, Object(Config\Cache), false)
#8 C:\laragon\www\tontine\public\index.php(37): CodeIgniter\CodeIgniter->run()
#9 {main}
CRITICAL - 2022-04-11 05:43:01 --> Trying to access array offset on value of type null
#0 C:\laragon\www\tontine\app\Views\adherent\tontine.php(1): CodeIgniter\Debug\Exceptions->errorHandler(8, 'Trying to acces...', 'C:\\laragon\\www\\...', 1, Array)
#1 C:\laragon\www\tontine\system\View\View.php(210): include('C:\\laragon\\www\\...')
#2 C:\laragon\www\tontine\system\View\View.php(213): CodeIgniter\View\View->CodeIgniter\View\{closure}()
#3 C:\laragon\www\tontine\system\Common.php(1089): CodeIgniter\View\View->render('adherent/tontin...', Array, true)
#4 C:\laragon\www\tontine\app\Controllers\Adherent.php(15): view('adherent/tontin...')
#5 C:\laragon\www\tontine\system\CodeIgniter.php(832): App\Controllers\Adherent->tontine('starter-templat...')
#6 C:\laragon\www\tontine\system\CodeIgniter.php(419): CodeIgniter\CodeIgniter->runController(Object(App\Controllers\Adherent))
#7 C:\laragon\www\tontine\system\CodeIgniter.php(326): CodeIgniter\CodeIgniter->handleRequest(NULL, Object(Config\Cache), false)
#8 C:\laragon\www\tontine\public\index.php(37): CodeIgniter\CodeIgniter->run()
#9 {main}
CRITICAL - 2022-04-11 06:12:02 --> Class 'App\Controllers\AdherentModel' not found
#0 C:\laragon\www\tontine\system\CodeIgniter.php(832): App\Controllers\Adherent->tontine('4')
#1 C:\laragon\www\tontine\system\CodeIgniter.php(419): CodeIgniter\CodeIgniter->runController(Object(App\Controllers\Adherent))
#2 C:\laragon\www\tontine\system\CodeIgniter.php(326): CodeIgniter\CodeIgniter->handleRequest(NULL, Object(Config\Cache), false)
#3 C:\laragon\www\tontine\public\index.php(37): CodeIgniter\CodeIgniter->run()
#4 {main}
ERROR - 2022-04-11 06:13:03 --> Table 'tontine.participe' doesn't exist
CRITICAL - 2022-04-11 06:13:04 --> Table 'tontine.participe' doesn't exist
#0 C:\laragon\www\tontine\system\Database\MySQLi\Connection.php(292): mysqli->query('SELECT *\nFROM `...', 0)
#1 C:\laragon\www\tontine\system\Database\BaseConnection.php(670): CodeIgniter\Database\MySQLi\Connection->execute('SELECT *\nFROM `...')
#2 C:\laragon\www\tontine\system\Database\BaseConnection.php(598): CodeIgniter\Database\BaseConnection->simpleQuery('SELECT *\nFROM `...')
#3 C:\laragon\www\tontine\system\Database\BaseBuilder.php(1455): CodeIgniter\Database\BaseConnection->query('SELECT *\nFROM `...', Array, false)
#4 C:\laragon\www\tontine\system\Model.php(183): CodeIgniter\Database\BaseBuilder->get()
#5 C:\laragon\www\tontine\system\BaseModel.php(584): CodeIgniter\Model->doFindAll(0, 0)
#6 C:\laragon\www\tontine\app\Models\AdherentModel.php(9): CodeIgniter\BaseModel->findAll()
#7 C:\laragon\www\tontine\app\Controllers\Adherent.php(16): App\Models\AdherentModel->participer('4')
#8 C:\laragon\www\tontine\system\CodeIgniter.php(832): App\Controllers\Adherent->tontine('4')
#9 C:\laragon\www\tontine\system\CodeIgniter.php(419): CodeIgniter\CodeIgniter->runController(Object(App\Controllers\Adherent))
#10 C:\laragon\www\tontine\system\CodeIgniter.php(326): CodeIgniter\CodeIgniter->handleRequest(NULL, Object(Config\Cache), false)
#11 C:\laragon\www\tontine\public\index.php(37): CodeIgniter\CodeIgniter->run()
#12 {main}
CRITICAL - 2022-04-11 06:14:45 --> Trying to access array offset on value of type null
#0 C:\laragon\www\tontine\app\Views\adherent\tontine.php(1): CodeIgniter\Debug\Exceptions->errorHandler(8, 'Trying to acces...', 'C:\\laragon\\www\\...', 1, Array)
#1 C:\laragon\www\tontine\system\View\View.php(210): include('C:\\laragon\\www\\...')
#2 C:\laragon\www\tontine\system\View\View.php(213): CodeIgniter\View\View->CodeIgniter\View\{closure}()
#3 C:\laragon\www\tontine\system\Common.php(1089): CodeIgniter\View\View->render('adherent/tontin...', Array, true)
#4 C:\laragon\www\tontine\app\Controllers\Adherent.php(19): view('adherent/tontin...')
#5 C:\laragon\www\tontine\system\CodeIgniter.php(832): App\Controllers\Adherent->tontine('starter-templat...')
#6 C:\laragon\www\tontine\system\CodeIgniter.php(419): CodeIgniter\CodeIgniter->runController(Object(App\Controllers\Adherent))
#7 C:\laragon\www\tontine\system\CodeIgniter.php(326): CodeIgniter\CodeIgniter->handleRequest(NULL, Object(Config\Cache), false)
#8 C:\laragon\www\tontine\public\index.php(37): CodeIgniter\CodeIgniter->run()
#9 {main}
