CRITICAL - 2022-04-09 07:15:39 --> Invalid file: contact.php
#0 C:\laragon\www\tontine\system\View\View.php(198): CodeIgniter\Exceptions\FrameworkException::forInvalidFile('contact.php')
#1 C:\laragon\www\tontine\system\Common.php(1089): CodeIgniter\View\View->render('contact', Array, true)
#2 C:\laragon\www\tontine\app\Controllers\Home.php(17): view('contact')
#3 C:\laragon\www\tontine\system\CodeIgniter.php(832): App\Controllers\Home->contact()
#4 C:\laragon\www\tontine\system\CodeIgniter.php(419): CodeIgniter\CodeIgniter->runController(Object(App\Controllers\Home))
#5 C:\laragon\www\tontine\system\CodeIgniter.php(326): CodeIgniter\CodeIgniter->handleRequest(NULL, Object(Config\Cache), false)
#6 C:\laragon\www\tontine\public\index.php(37): CodeIgniter\CodeIgniter->run()
#7 {main}
CRITICAL - 2022-04-09 07:36:16 --> Invalid file: utilisateur/index.php
#0 C:\laragon\www\tontine\system\View\View.php(198): CodeIgniter\Exceptions\FrameworkException::forInvalidFile('utilisateur/ind...')
#1 C:\laragon\www\tontine\system\Common.php(1089): CodeIgniter\View\View->render('utilisateur/ind...', Array, true)
#2 C:\laragon\www\tontine\app\Controllers\Utilisateur.php(10): view('utilisateur/ind...')
#3 C:\laragon\www\tontine\system\CodeIgniter.php(832): App\Controllers\Utilisateur->index()
#4 C:\laragon\www\tontine\system\CodeIgniter.php(419): CodeIgniter\CodeIgniter->runController(Object(App\Controllers\Utilisateur))
#5 C:\laragon\www\tontine\system\CodeIgniter.php(326): CodeIgniter\CodeIgniter->handleRequest(NULL, Object(Config\Cache), false)
#6 C:\laragon\www\tontine\public\index.php(37): CodeIgniter\CodeIgniter->run()
#7 {main}
CRITICAL - 2022-04-09 07:37:45 --> Invalid file: utilisateur/index.php
#0 C:\laragon\www\tontine\system\View\View.php(198): CodeIgniter\Exceptions\FrameworkException::forInvalidFile('utilisateur/ind...')
#1 C:\laragon\www\tontine\system\Common.php(1089): CodeIgniter\View\View->render('utilisateur/ind...', Array, true)
#2 C:\laragon\www\tontine\app\Controllers\Utilisateur.php(10): view('utilisateur/ind...')
#3 C:\laragon\www\tontine\system\CodeIgniter.php(832): App\Controllers\Utilisateur->index()
#4 C:\laragon\www\tontine\system\CodeIgniter.php(419): CodeIgniter\CodeIgniter->runController(Object(App\Controllers\Utilisateur))
#5 C:\laragon\www\tontine\system\CodeIgniter.php(326): CodeIgniter\CodeIgniter->handleRequest(NULL, Object(Config\Cache), false)
#6 C:\laragon\www\tontine\public\index.php(37): CodeIgniter\CodeIgniter->run()
#7 {main}
CRITICAL - 2022-04-09 07:37:50 --> Invalid file: utilisateur/index.php
#0 C:\laragon\www\tontine\system\View\View.php(198): CodeIgniter\Exceptions\FrameworkException::forInvalidFile('utilisateur/ind...')
#1 C:\laragon\www\tontine\system\Common.php(1089): CodeIgniter\View\View->render('utilisateur/ind...', Array, true)
#2 C:\laragon\www\tontine\app\Controllers\Utilisateur.php(10): view('utilisateur/ind...')
#3 C:\laragon\www\tontine\system\CodeIgniter.php(832): App\Controllers\Utilisateur->index()
#4 C:\laragon\www\tontine\system\CodeIgniter.php(419): CodeIgniter\CodeIgniter->runController(Object(App\Controllers\Utilisateur))
#5 C:\laragon\www\tontine\system\CodeIgniter.php(326): CodeIgniter\CodeIgniter->handleRequest(NULL, Object(Config\Cache), false)
#6 C:\laragon\www\tontine\public\index.php(37): CodeIgniter\CodeIgniter->run()
#7 {main}
CRITICAL - 2022-04-09 07:38:07 --> Invalid file: utilisateur/index.php
#0 C:\laragon\www\tontine\system\View\View.php(198): CodeIgniter\Exceptions\FrameworkException::forInvalidFile('utilisateur/ind...')
#1 C:\laragon\www\tontine\system\Common.php(1089): CodeIgniter\View\View->render('utilisateur/ind...', Array, true)
#2 C:\laragon\www\tontine\app\Controllers\Utilisateur.php(10): view('utilisateur/ind...')
#3 C:\laragon\www\tontine\system\CodeIgniter.php(832): App\Controllers\Utilisateur->index()
#4 C:\laragon\www\tontine\system\CodeIgniter.php(419): CodeIgniter\CodeIgniter->runController(Object(App\Controllers\Utilisateur))
#5 C:\laragon\www\tontine\system\CodeIgniter.php(326): CodeIgniter\CodeIgniter->handleRequest(NULL, Object(Config\Cache), false)
#6 C:\laragon\www\tontine\public\index.php(37): CodeIgniter\CodeIgniter->run()
#7 {main}
CRITICAL - 2022-04-09 07:38:44 --> Invalid file: utilisateur/index.php
#0 C:\laragon\www\tontine\system\View\View.php(198): CodeIgniter\Exceptions\FrameworkException::forInvalidFile('utilisateur/ind...')
#1 C:\laragon\www\tontine\system\Common.php(1089): CodeIgniter\View\View->render('utilisateur/ind...', Array, true)
#2 C:\laragon\www\tontine\app\Controllers\Utilisateur.php(10): view('utilisateur/ind...')
#3 C:\laragon\www\tontine\system\CodeIgniter.php(832): App\Controllers\Utilisateur->index()
#4 C:\laragon\www\tontine\system\CodeIgniter.php(419): CodeIgniter\CodeIgniter->runController(Object(App\Controllers\Utilisateur))
#5 C:\laragon\www\tontine\system\CodeIgniter.php(326): CodeIgniter\CodeIgniter->handleRequest(NULL, Object(Config\Cache), false)
#6 C:\laragon\www\tontine\public\index.php(37): CodeIgniter\CodeIgniter->run()
#7 {main}
CRITICAL - 2022-04-09 07:39:13 --> Invalid file: utilisateur/index.php
#0 C:\laragon\www\tontine\system\View\View.php(198): CodeIgniter\Exceptions\FrameworkException::forInvalidFile('utilisateur/ind...')
#1 C:\laragon\www\tontine\system\Common.php(1089): CodeIgniter\View\View->render('utilisateur/ind...', Array, true)
#2 C:\laragon\www\tontine\app\Controllers\Utilisateur.php(10): view('utilisateur/ind...')
#3 C:\laragon\www\tontine\system\CodeIgniter.php(832): App\Controllers\Utilisateur->index()
#4 C:\laragon\www\tontine\system\CodeIgniter.php(419): CodeIgniter\CodeIgniter->runController(Object(App\Controllers\Utilisateur))
#5 C:\laragon\www\tontine\system\CodeIgniter.php(326): CodeIgniter\CodeIgniter->handleRequest(NULL, Object(Config\Cache), false)
#6 C:\laragon\www\tontine\public\index.php(37): CodeIgniter\CodeIgniter->run()
#7 {main}
CRITICAL - 2022-04-09 07:39:18 --> Invalid file: utilisateur/index.php
#0 C:\laragon\www\tontine\system\View\View.php(198): CodeIgniter\Exceptions\FrameworkException::forInvalidFile('utilisateur/ind...')
#1 C:\laragon\www\tontine\system\Common.php(1089): CodeIgniter\View\View->render('utilisateur/ind...', Array, true)
#2 C:\laragon\www\tontine\app\Controllers\Utilisateur.php(10): view('utilisateur/ind...')
#3 C:\laragon\www\tontine\system\CodeIgniter.php(832): App\Controllers\Utilisateur->index()
#4 C:\laragon\www\tontine\system\CodeIgniter.php(419): CodeIgniter\CodeIgniter->runController(Object(App\Controllers\Utilisateur))
#5 C:\laragon\www\tontine\system\CodeIgniter.php(326): CodeIgniter\CodeIgniter->handleRequest(NULL, Object(Config\Cache), false)
#6 C:\laragon\www\tontine\public\index.php(37): CodeIgniter\CodeIgniter->run()
#7 {main}
CRITICAL - 2022-04-09 07:51:08 --> Invalid file: utilisateur/index.php
#0 C:\laragon\www\tontine\system\View\View.php(198): CodeIgniter\Exceptions\FrameworkException::forInvalidFile('utilisateur/ind...')
#1 C:\laragon\www\tontine\system\Common.php(1089): CodeIgniter\View\View->render('utilisateur/ind...', Array, true)
#2 C:\laragon\www\tontine\app\Controllers\Utilisateur.php(10): view('utilisateur/ind...')
#3 C:\laragon\www\tontine\system\CodeIgniter.php(832): App\Controllers\Utilisateur->index()
#4 C:\laragon\www\tontine\system\CodeIgniter.php(419): CodeIgniter\CodeIgniter->runController(Object(App\Controllers\Utilisateur))
#5 C:\laragon\www\tontine\system\CodeIgniter.php(326): CodeIgniter\CodeIgniter->handleRequest(NULL, Object(Config\Cache), false)
#6 C:\laragon\www\tontine\public\index.php(37): CodeIgniter\CodeIgniter->run()
#7 {main}
CRITICAL - 2022-04-09 08:11:25 --> Invalid file: utilisateur/index.php
#0 C:\laragon\www\tontine\system\View\View.php(198): CodeIgniter\Exceptions\FrameworkException::forInvalidFile('utilisateur/ind...')
#1 C:\laragon\www\tontine\system\Common.php(1089): CodeIgniter\View\View->render('utilisateur/ind...', Array, true)
#2 C:\laragon\www\tontine\app\Controllers\Utilisateur.php(10): view('utilisateur/ind...')
#3 C:\laragon\www\tontine\system\CodeIgniter.php(832): App\Controllers\Utilisateur->index()
#4 C:\laragon\www\tontine\system\CodeIgniter.php(419): CodeIgniter\CodeIgniter->runController(Object(App\Controllers\Utilisateur))
#5 C:\laragon\www\tontine\system\CodeIgniter.php(326): CodeIgniter\CodeIgniter->handleRequest(NULL, Object(Config\Cache), false)
#6 C:\laragon\www\tontine\public\index.php(37): CodeIgniter\CodeIgniter->run()
#7 {main}
CRITICAL - 2022-04-09 08:11:55 --> Invalid file: utilisateur/index.php
#0 C:\laragon\www\tontine\system\View\View.php(198): CodeIgniter\Exceptions\FrameworkException::forInvalidFile('utilisateur/ind...')
#1 C:\laragon\www\tontine\system\Common.php(1089): CodeIgniter\View\View->render('utilisateur/ind...', Array, true)
#2 C:\laragon\www\tontine\app\Controllers\Utilisateur.php(10): view('utilisateur/ind...')
#3 C:\laragon\www\tontine\system\CodeIgniter.php(832): App\Controllers\Utilisateur->index()
#4 C:\laragon\www\tontine\system\CodeIgniter.php(419): CodeIgniter\CodeIgniter->runController(Object(App\Controllers\Utilisateur))
#5 C:\laragon\www\tontine\system\CodeIgniter.php(326): CodeIgniter\CodeIgniter->handleRequest(NULL, Object(Config\Cache), false)
#6 C:\laragon\www\tontine\public\index.php(37): CodeIgniter\CodeIgniter->run()
#7 {main}
CRITICAL - 2022-04-09 08:18:20 --> Invalid file: utilisateur/index.php
#0 C:\laragon\www\tontine\system\View\View.php(198): CodeIgniter\Exceptions\FrameworkException::forInvalidFile('utilisateur/ind...')
#1 C:\laragon\www\tontine\system\Common.php(1089): CodeIgniter\View\View->render('utilisateur/ind...', Array, true)
#2 C:\laragon\www\tontine\app\Controllers\Utilisateur.php(10): view('utilisateur/ind...')
#3 C:\laragon\www\tontine\system\CodeIgniter.php(832): App\Controllers\Utilisateur->index()
#4 C:\laragon\www\tontine\system\CodeIgniter.php(419): CodeIgniter\CodeIgniter->runController(Object(App\Controllers\Utilisateur))
#5 C:\laragon\www\tontine\system\CodeIgniter.php(326): CodeIgniter\CodeIgniter->handleRequest(NULL, Object(Config\Cache), false)
#6 C:\laragon\www\tontine\public\index.php(37): CodeIgniter\CodeIgniter->run()
#7 {main}
CRITICAL - 2022-04-09 08:18:24 --> Invalid file: utilisateur/index.php
#0 C:\laragon\www\tontine\system\View\View.php(198): CodeIgniter\Exceptions\FrameworkException::forInvalidFile('utilisateur/ind...')
#1 C:\laragon\www\tontine\system\Common.php(1089): CodeIgniter\View\View->render('utilisateur/ind...', Array, true)
#2 C:\laragon\www\tontine\app\Controllers\Utilisateur.php(10): view('utilisateur/ind...')
#3 C:\laragon\www\tontine\system\CodeIgniter.php(832): App\Controllers\Utilisateur->index()
#4 C:\laragon\www\tontine\system\CodeIgniter.php(419): CodeIgniter\CodeIgniter->runController(Object(App\Controllers\Utilisateur))
#5 C:\laragon\www\tontine\system\CodeIgniter.php(326): CodeIgniter\CodeIgniter->handleRequest(NULL, Object(Config\Cache), false)
#6 C:\laragon\www\tontine\public\index.php(37): CodeIgniter\CodeIgniter->run()
#7 {main}
CRITICAL - 2022-04-09 08:20:53 --> Invalid file: utilisateur/index.php
#0 C:\laragon\www\tontine\system\View\View.php(198): CodeIgniter\Exceptions\FrameworkException::forInvalidFile('utilisateur/ind...')
#1 C:\laragon\www\tontine\system\Common.php(1089): CodeIgniter\View\View->render('utilisateur/ind...', Array, true)
#2 C:\laragon\www\tontine\app\Controllers\Utilisateur.php(10): view('utilisateur/ind...')
#3 C:\laragon\www\tontine\system\CodeIgniter.php(832): App\Controllers\Utilisateur->index()
#4 C:\laragon\www\tontine\system\CodeIgniter.php(419): CodeIgniter\CodeIgniter->runController(Object(App\Controllers\Utilisateur))
#5 C:\laragon\www\tontine\system\CodeIgniter.php(326): CodeIgniter\CodeIgniter->handleRequest(NULL, Object(Config\Cache), false)
#6 C:\laragon\www\tontine\public\index.php(37): CodeIgniter\CodeIgniter->run()
#7 {main}
CRITICAL - 2022-04-09 08:20:54 --> Invalid file: utilisateur/index.php
#0 C:\laragon\www\tontine\system\View\View.php(198): CodeIgniter\Exceptions\FrameworkException::forInvalidFile('utilisateur/ind...')
#1 C:\laragon\www\tontine\system\Common.php(1089): CodeIgniter\View\View->render('utilisateur/ind...', Array, true)
#2 C:\laragon\www\tontine\app\Controllers\Utilisateur.php(10): view('utilisateur/ind...')
#3 C:\laragon\www\tontine\system\CodeIgniter.php(832): App\Controllers\Utilisateur->index()
#4 C:\laragon\www\tontine\system\CodeIgniter.php(419): CodeIgniter\CodeIgniter->runController(Object(App\Controllers\Utilisateur))
#5 C:\laragon\www\tontine\system\CodeIgniter.php(326): CodeIgniter\CodeIgniter->handleRequest(NULL, Object(Config\Cache), false)
#6 C:\laragon\www\tontine\public\index.php(37): CodeIgniter\CodeIgniter->run()
#7 {main}
CRITICAL - 2022-04-09 08:20:57 --> Invalid file: utilisateur/index.php
#0 C:\laragon\www\tontine\system\View\View.php(198): CodeIgniter\Exceptions\FrameworkException::forInvalidFile('utilisateur/ind...')
#1 C:\laragon\www\tontine\system\Common.php(1089): CodeIgniter\View\View->render('utilisateur/ind...', Array, true)
#2 C:\laragon\www\tontine\app\Controllers\Utilisateur.php(10): view('utilisateur/ind...')
#3 C:\laragon\www\tontine\system\CodeIgniter.php(832): App\Controllers\Utilisateur->index()
#4 C:\laragon\www\tontine\system\CodeIgniter.php(419): CodeIgniter\CodeIgniter->runController(Object(App\Controllers\Utilisateur))
#5 C:\laragon\www\tontine\system\CodeIgniter.php(326): CodeIgniter\CodeIgniter->handleRequest(NULL, Object(Config\Cache), false)
#6 C:\laragon\www\tontine\public\index.php(37): CodeIgniter\CodeIgniter->run()
#7 {main}
CRITICAL - 2022-04-09 08:20:57 --> Invalid file: utilisateur/index.php
#0 C:\laragon\www\tontine\system\View\View.php(198): CodeIgniter\Exceptions\FrameworkException::forInvalidFile('utilisateur/ind...')
#1 C:\laragon\www\tontine\system\Common.php(1089): CodeIgniter\View\View->render('utilisateur/ind...', Array, true)
#2 C:\laragon\www\tontine\app\Controllers\Utilisateur.php(10): view('utilisateur/ind...')
#3 C:\laragon\www\tontine\system\CodeIgniter.php(832): App\Controllers\Utilisateur->index()
#4 C:\laragon\www\tontine\system\CodeIgniter.php(419): CodeIgniter\CodeIgniter->runController(Object(App\Controllers\Utilisateur))
#5 C:\laragon\www\tontine\system\CodeIgniter.php(326): CodeIgniter\CodeIgniter->handleRequest(NULL, Object(Config\Cache), false)
#6 C:\laragon\www\tontine\public\index.php(37): CodeIgniter\CodeIgniter->run()
#7 {main}
